/g4t1
[0m[ INFO] [1733104190.873959873]: Module initial frequency: 1.000000[0m
/g4t1
[0m[ INFO] [1733104191.528045506]: Succesfully connected to effector.[0m
General risk status: 49.3545%
++++++++++++++++++++
Trm: 37.3749
Ecg: 88.3645
Oxi: 94.9021
Abps: 146.46
Abpd: 92.6095
Glc: 0
++++++++++++++++++++
Term: low risk
Ecg: low risk
Oxi: low risk
Abps: high risk
Abpd: high risk
Glc: unknown
Patient_Status: 49.354479

*****************************************
PatientStatusInfo#
| THERM_RISK: 7.63578
| ECG_RISK: 8.78485
| OXIM_RISK: 14.1739
| ABPS_RISK: 67.3728
| ABPD_RISK: 66.4225
| GLC_RISK: 0
| PATIENT_STATE:MODERATE RISK
MilliSeconds Since Epoch: 1733104213552
*****************************************
General risk status: 49.3545%
++++++++++++++++++++
Trm: 37.3749
Ecg: 88.3645
Oxi: 94.9021
Abps: 146.46
Abpd: 92.6095
Glc: 0
++++++++++++++++++++
Term: low risk
Ecg: low risk
Oxi: low risk
Abps: high risk
Abpd: high risk
Glc: unknown
Patient_Status: 49.354479

*****************************************
PatientStatusInfo#
| THERM_RISK: 7.63578
| ECG_RISK: 8.78485
| OXIM_RISK: 14.1739
| ABPS_RISK: 67.3728
| ABPD_RISK: 66.4225
| GLC_RISK: 0
| PATIENT_STATE:MODERATE RISK
MilliSeconds Since Epoch: 1733104213652
*****************************************
General risk status: 49.3545%
++++++++++++++++++++
Trm: 37.3749
Ecg: 88.3645
Oxi: 94.9021
Abps: 146.46
Abpd: 92.6095
Glc: 0
++++++++++++++++++++
Term: low risk
Ecg: low risk
Oxi: low risk
Abps: high risk
Abpd: high risk
Glc: unknown
Patient_Status: 49.354479

*****************************************
PatientStatusInfo#
| THERM_RISK: 7.63578
| ECG_RISK: 8.78485
| OXIM_RISK: 14.1739
| ABPS_RISK: 67.3728
| ABPD_RISK: 66.4225
| GLC_RISK: 0
| PATIENT_STATE:MODERATE RISK
MilliSeconds Since Epoch: 1733104213752
*****************************************
General risk status: 49.3545%
++++++++++++++++++++
Trm: 37.3749
Ecg: 88.3645
Oxi: 94.9021
Abps: 146.46
Abpd: 92.6095
Glc: 0
++++++++++++++++++++
Term: low risk
Ecg: low risk
Oxi: low risk
Abps: high risk
Abpd: high risk
Glc: unknown
Patient_Status: 49.354479

*****************************************
PatientStatusInfo#
| THERM_RISK: 7.63578
| ECG_RISK: 8.78485
| OXIM_RISK: 14.1739
| ABPS_RISK: 67.3728
| ABPD_RISK: 66.4225
| GLC_RISK: 0
| PATIENT_STATE:MODERATE RISK
MilliSeconds Since Epoch: 1733104213852
*****************************************
General risk status: 49.3545%
++++++++++++++++++++
Trm: 37.3749
Ecg: 88.3645
Oxi: 94.9021
Abps: 146.46
Abpd: 92.6095
Glc: 0
++++++++++++++++++++
Term: low risk
Ecg: low risk
Oxi: low risk
Abps: high risk
Abpd: high risk
Glc: unknown
Patient_Status: 49.354479

*****************************************
PatientStatusInfo#
| THERM_RISK: 7.63578
| ECG_RISK: 8.78485
| OXIM_RISK: 14.1739
| ABPS_RISK: 67.3728
| ABPD_RISK: 66.4225
| GLC_RISK: 0
| PATIENT_STATE:MODERATE RISK
MilliSeconds Since Epoch: 1733104213952
*****************************************
General risk status: 49.3545%
++++++++++++++++++++
Trm: 37.3749
Ecg: 88.3645
Oxi: 94.9021
Abps: 146.46
Abpd: 92.6095
Glc: 0
++++++++++++++++++++
Term: low risk
Ecg: low risk
Oxi: low risk
Abps: high risk
Abpd: high risk
Glc: unknown
Patient_Status: 49.354479

*****************************************
PatientStatusInfo#
| THERM_RISK: 7.63578
| ECG_RISK: 8.78485
| OXIM_RISK: 14.1739
| ABPS_RISK: 67.3728
| ABPD_RISK: 66.4225
| GLC_RISK: 0
| PATIENT_STATE:MODERATE RISK
MilliSeconds Since Epoch: 1733104214052
*****************************************
General risk status: 47.1517%
++++++++++++++++++++
Trm: 37.3749
Ecg: 85.6274
Oxi: 68.6656
Abps: 146.46
Abpd: 92.6095
Glc: 0
++++++++++++++++++++
Term: low risk
Ecg: low risk
Oxi: low risk
Abps: high risk
Abpd: high risk
Glc: unknown
Patient_Status: 47.151675

*****************************************
PatientStatusInfo#
| THERM_RISK: 7.63578
| ECG_RISK: 17.9086
| OXIM_RISK: 15.8107
| ABPS_RISK: 67.3728
| ABPD_RISK: 66.4225
| GLC_RISK: 0
| PATIENT_STATE:MODERATE RISK
MilliSeconds Since Epoch: 1733104214152
*****************************************
General risk status: 47.1517%
++++++++++++++++++++
Trm: 37.3749
Ecg: 85.6274
Oxi: 68.6656
Abps: 146.46
Abpd: 92.6095
Glc: 0
++++++++++++++++++++
Term: low risk
Ecg: low risk
Oxi: low risk
Abps: high risk
Abpd: high risk
Glc: unknown
Patient_Status: 47.151675

*****************************************
PatientStatusInfo#
| THERM_RISK: 7.63578
| ECG_RISK: 17.9086
| OXIM_RISK: 15.8107
| ABPS_RISK: 67.3728
| ABPD_RISK: 66.4225
| GLC_RISK: 0
| PATIENT_STATE:MODERATE RISK
MilliSeconds Since Epoch: 1733104214252
*****************************************
General risk status: 47.1517%
++++++++++++++++++++
Trm: 37.3749
Ecg: 85.6274
Oxi: 68.6656
Abps: 146.46
Abpd: 92.6095
Glc: 0
++++++++++++++++++++
Term: low risk
Ecg: low risk
Oxi: low risk
Abps: high risk
Abpd: high risk
Glc: unknown
Patient_Status: 47.151675

*****************************************
PatientStatusInfo#
| THERM_RISK: 7.63578
| ECG_RISK: 17.9086
| OXIM_RISK: 15.8107
| ABPS_RISK: 67.3728
| ABPD_RISK: 66.4225
| GLC_RISK: 0
| PATIENT_STATE:MODERATE RISK
MilliSeconds Since Epoch: 1733104214352
*****************************************
General risk status: 47.1517%
++++++++++++++++++++
Trm: 37.3749
Ecg: 85.6274
Oxi: 68.6656
Abps: 146.46
Abpd: 92.6095
Glc: 0
++++++++++++++++++++
Term: low risk
Ecg: low risk
Oxi: low risk
Abps: high risk
Abpd: high risk
Glc: unknown
Patient_Status: 47.151675

*****************************************
PatientStatusInfo#
| THERM_RISK: 7.63578
| ECG_RISK: 17.9086
| OXIM_RISK: 15.8107
| ABPS_RISK: 67.3728
| ABPD_RISK: 66.4225
| GLC_RISK: 0
| PATIENT_STATE:MODERATE RISK
MilliSeconds Since Epoch: 1733104214452
*****************************************
General risk status: 57.7021%
++++++++++++++++++++
Trm: 37.3749
Ecg: 85.6274
Oxi: 68.6656
Abps: 268.697
Abpd: 90.8111
Glc: 0
++++++++++++++++++++
Term: low risk
Ecg: low risk
Oxi: low risk
Abps: high risk
Abpd: high risk
Glc: unknown
Patient_Status: 57.702082

*****************************************
PatientStatusInfo#
| THERM_RISK: 7.63578
| ECG_RISK: 17.9086
| OXIM_RISK: 15.8107
| ABPS_RISK: 93.3481
| ABPD_RISK: 66.1313
| GLC_RISK: 0
| PATIENT_STATE:MODERATE RISK
MilliSeconds Since Epoch: 1733104214552
*****************************************
General risk status: 57.7021%
++++++++++++++++++++
Trm: 37.3749
Ecg: 85.6274
Oxi: 68.6656
Abps: 268.697
Abpd: 90.8111
Glc: 0
++++++++++++++++++++
Term: low risk
Ecg: low risk
Oxi: low risk
Abps: high risk
Abpd: high risk
Glc: unknown
Patient_Status: 57.702082

*****************************************
PatientStatusInfo#
| THERM_RISK: 7.63578
| ECG_RISK: 17.9086
| OXIM_RISK: 15.8107
| ABPS_RISK: 93.3481
| ABPD_RISK: 66.1313
| GLC_RISK: 0
| PATIENT_STATE:MODERATE RISK
MilliSeconds Since Epoch: 1733104214652
*****************************************
General risk status: 57.7021%
++++++++++++++++++++
Trm: 37.3749
Ecg: 85.6274
Oxi: 68.6656
Abps: 268.697
Abpd: 90.8111
Glc: 0
++++++++++++++++++++
Term: low risk
Ecg: low risk
Oxi: low risk
Abps: high risk
Abpd: high risk
Glc: unknown
Patient_Status: 57.702082

*****************************************
PatientStatusInfo#
| THERM_RISK: 7.63578
| ECG_RISK: 17.9086
| OXIM_RISK: 15.8107
| ABPS_RISK: 93.3481
| ABPD_RISK: 66.1313
| GLC_RISK: 0
| PATIENT_STATE:MODERATE RISK
MilliSeconds Since Epoch: 1733104214752
*****************************************
General risk status: 57.7021%
++++++++++++++++++++
Trm: 37.3749
Ecg: 85.6274
Oxi: 68.6656
Abps: 268.697
Abpd: 90.8111
Glc: 0
++++++++++++++++++++
Term: low risk
Ecg: low risk
Oxi: low risk
Abps: high risk
Abpd: high risk
Glc: unknown
Patient_Status: 57.702082

*****************************************
PatientStatusInfo#
| THERM_RISK: 7.63578
| ECG_RISK: 17.9086
| OXIM_RISK: 15.8107
| ABPS_RISK: 93.3481
| ABPD_RISK: 66.1313
| GLC_RISK: 0
| PATIENT_STATE:MODERATE RISK
MilliSeconds Since Epoch: 1733104214852
*****************************************
General risk status: 57.7021%
++++++++++++++++++++
Trm: 37.3749
Ecg: 85.6274
Oxi: 68.6656
Abps: 268.697
Abpd: 90.8111
Glc: 0
++++++++++++++++++++
Term: low risk
Ecg: low risk
Oxi: low risk
Abps: high risk
Abpd: high risk
Glc: unknown
Patient_Status: 57.702082

*****************************************
PatientStatusInfo#
| THERM_RISK: 7.63578
| ECG_RISK: 17.9086
| OXIM_RISK: 15.8107
| ABPS_RISK: 93.3481
| ABPD_RISK: 66.1313
| GLC_RISK: 0
| PATIENT_STATE:MODERATE RISK
MilliSeconds Since Epoch: 1733104214952
*****************************************
General risk status: 57.7021%
++++++++++++++++++++
Trm: 37.3749
Ecg: 85.6274
Oxi: 68.6656
Abps: 268.697
Abpd: 90.8111
Glc: 0
++++++++++++++++++++
Term: low risk
Ecg: low risk
Oxi: low risk
Abps: high risk
Abpd: high risk
Glc: unknown
Patient_Status: 57.702082

*****************************************
PatientStatusInfo#
| THERM_RISK: 7.63578
| ECG_RISK: 17.9086
| OXIM_RISK: 15.8107
| ABPS_RISK: 93.3481
| ABPD_RISK: 66.1313
| GLC_RISK: 0
| PATIENT_STATE:MODERATE RISK
MilliSeconds Since Epoch: 1733104215052
*****************************************
General risk status: 63.3234%
++++++++++++++++++++
Trm: 37.3749
Ecg: 88.6275
Oxi: 89.5552
Abps: 268.697
Abpd: 90.8111
Glc: 0
++++++++++++++++++++
Term: low risk
Ecg: low risk
Oxi: low risk
Abps: high risk
Abpd: high risk
Glc: unknown
Patient_Status: 63.323427

*****************************************
PatientStatusInfo#
| THERM_RISK: 7.63578
| ECG_RISK: 7.90832
| OXIM_RISK: 8.06312
| ABPS_RISK: 93.3481
| ABPD_RISK: 66.1313
| GLC_RISK: 0
| PATIENT_STATE:CRITICAL RISK
MilliSeconds Since Epoch: 1733104215153
*****************************************
General risk status: 63.3234%
++++++++++++++++++++
Trm: 37.3749
Ecg: 88.6275
Oxi: 89.5552
Abps: 268.697
Abpd: 90.8111
Glc: 0
++++++++++++++++++++
Term: low risk
Ecg: low risk
Oxi: low risk
Abps: high risk
Abpd: high risk
Glc: unknown
Patient_Status: 63.323427

*****************************************
PatientStatusInfo#
| THERM_RISK: 7.63578
| ECG_RISK: 7.90832
| OXIM_RISK: 8.06312
| ABPS_RISK: 93.3481
| ABPD_RISK: 66.1313
| GLC_RISK: 0
| PATIENT_STATE:CRITICAL RISK
MilliSeconds Since Epoch: 1733104215253
*****************************************
General risk status: 63.3234%
++++++++++++++++++++
Trm: 37.3749
Ecg: 88.6275
Oxi: 89.5552
Abps: 268.697
Abpd: 90.8111
Glc: 0
++++++++++++++++++++
Term: low risk
Ecg: low risk
Oxi: low risk
Abps: high risk
Abpd: high risk
Glc: unknown
Patient_Status: 63.323427

*****************************************
PatientStatusInfo#
| THERM_RISK: 7.63578
| ECG_RISK: 7.90832
| OXIM_RISK: 8.06312
| ABPS_RISK: 93.3481
| ABPD_RISK: 66.1313
| GLC_RISK: 0
| PATIENT_STATE:CRITICAL RISK
MilliSeconds Since Epoch: 1733104215353
*****************************************
General risk status: 63.3234%
++++++++++++++++++++
Trm: 37.3749
Ecg: 88.6275
Oxi: 89.5552
Abps: 268.697
Abpd: 90.8111
Glc: 0
++++++++++++++++++++
Term: low risk
Ecg: low risk
Oxi: low risk
Abps: high risk
Abpd: high risk
Glc: unknown
Patient_Status: 63.323427

*****************************************
PatientStatusInfo#
| THERM_RISK: 7.63578
| ECG_RISK: 7.90832
| OXIM_RISK: 8.06312
| ABPS_RISK: 93.3481
| ABPD_RISK: 66.1313
| GLC_RISK: 0
| PATIENT_STATE:CRITICAL RISK
MilliSeconds Since Epoch: 1733104215453
*****************************************
/g4t1
/g4t1
