/g4t1
[0m[ INFO] [1733104126.824561381]: Module initial frequency: 1.000000[0m
/g4t1
[0m[ INFO] [1733104127.679857766]: Succesfully connected to effector.[0m
General risk status: 46.3748%
++++++++++++++++++++
Trm: 38.5601
Ecg: 102.388
Oxi: 94.1422
Abps: 142.424
Abpd: 95.7946
Glc: 0
++++++++++++++++++++
Term: moderate risk
Ecg: moderate risk
Oxi: low risk
Abps: high risk
Abpd: high risk
Glc: unknown
Patient_Status: 46.374796

*****************************************
PatientStatusInfo#
| THERM_RISK: 29.2418
| ECG_RISK: 34.1714
| OXIM_RISK: 13.3054
| ABPS_RISK: 66.5151
| ABPD_RISK: 66.9382
| GLC_RISK: 0
| PATIENT_STATE:MODERATE RISK
MilliSeconds Since Epoch: 1733104150003
*****************************************
General risk status: 45.5694%
++++++++++++++++++++
Trm: 38.5601
Ecg: 95.2593
Oxi: 67.3761
Abps: 142.424
Abpd: 95.7946
Glc: 0
++++++++++++++++++++
Term: moderate risk
Ecg: low risk
Oxi: low risk
Abps: high risk
Abpd: high risk
Glc: unknown
Patient_Status: 45.569444

*****************************************
PatientStatusInfo#
| THERM_RISK: 29.2418
| ECG_RISK: 14.1977
| OXIM_RISK: 17.2845
| ABPS_RISK: 66.5151
| ABPD_RISK: 66.9382
| GLC_RISK: 0
| PATIENT_STATE:MODERATE RISK
MilliSeconds Since Epoch: 1733104150103
*****************************************
General risk status: 45.5694%
++++++++++++++++++++
Trm: 38.5601
Ecg: 95.2593
Oxi: 67.3761
Abps: 142.424
Abpd: 95.7946
Glc: 0
++++++++++++++++++++
Term: moderate risk
Ecg: low risk
Oxi: low risk
Abps: high risk
Abpd: high risk
Glc: unknown
Patient_Status: 45.569444

*****************************************
PatientStatusInfo#
| THERM_RISK: 29.2418
| ECG_RISK: 14.1977
| OXIM_RISK: 17.2845
| ABPS_RISK: 66.5151
| ABPD_RISK: 66.9382
| GLC_RISK: 0
| PATIENT_STATE:MODERATE RISK
MilliSeconds Since Epoch: 1733104150203
*****************************************
General risk status: 45.5694%
++++++++++++++++++++
Trm: 38.5601
Ecg: 95.2593
Oxi: 67.3761
Abps: 142.424
Abpd: 95.7946
Glc: 0
++++++++++++++++++++
Term: moderate risk
Ecg: low risk
Oxi: low risk
Abps: high risk
Abpd: high risk
Glc: unknown
Patient_Status: 45.569444

*****************************************
PatientStatusInfo#
| THERM_RISK: 29.2418
| ECG_RISK: 14.1977
| OXIM_RISK: 17.2845
| ABPS_RISK: 66.5151
| ABPD_RISK: 66.9382
| GLC_RISK: 0
| PATIENT_STATE:MODERATE RISK
MilliSeconds Since Epoch: 1733104150303
*****************************************
General risk status: 45.5694%
++++++++++++++++++++
Trm: 38.5601
Ecg: 95.2593
Oxi: 67.3761
Abps: 142.424
Abpd: 95.7946
Glc: 0
++++++++++++++++++++
Term: moderate risk
Ecg: low risk
Oxi: low risk
Abps: high risk
Abpd: high risk
Glc: unknown
Patient_Status: 45.569444

*****************************************
PatientStatusInfo#
| THERM_RISK: 29.2418
| ECG_RISK: 14.1977
| OXIM_RISK: 17.2845
| ABPS_RISK: 66.5151
| ABPD_RISK: 66.9382
| GLC_RISK: 0
| PATIENT_STATE:MODERATE RISK
MilliSeconds Since Epoch: 1733104150403
*****************************************
General risk status: 45.5694%
++++++++++++++++++++
Trm: 38.5601
Ecg: 95.2593
Oxi: 67.3761
Abps: 142.424
Abpd: 95.7946
Glc: 0
++++++++++++++++++++
Term: moderate risk
Ecg: low risk
Oxi: low risk
Abps: high risk
Abpd: high risk
Glc: unknown
Patient_Status: 45.569444

*****************************************
PatientStatusInfo#
| THERM_RISK: 29.2418
| ECG_RISK: 14.1977
| OXIM_RISK: 17.2845
| ABPS_RISK: 66.5151
| ABPD_RISK: 66.9382
| GLC_RISK: 0
| PATIENT_STATE:MODERATE RISK
MilliSeconds Since Epoch: 1733104150503
*****************************************
General risk status: 45.5694%
++++++++++++++++++++
Trm: 38.5601
Ecg: 95.2593
Oxi: 67.3761
Abps: 142.424
Abpd: 95.7946
Glc: 0
++++++++++++++++++++
Term: moderate risk
Ecg: low risk
Oxi: low risk
Abps: high risk
Abpd: high risk
Glc: unknown
Patient_Status: 45.569444

*****************************************
PatientStatusInfo#
| THERM_RISK: 29.2418
| ECG_RISK: 14.1977
| OXIM_RISK: 17.2845
| ABPS_RISK: 66.5151
| ABPD_RISK: 66.9382
| GLC_RISK: 0
| PATIENT_STATE:MODERATE RISK
MilliSeconds Since Epoch: 1733104150603
*****************************************
General risk status: 57.2032%
++++++++++++++++++++
Trm: 38.5601
Ecg: 95.2593
Oxi: 67.3761
Abps: 293.596
Abpd: 95.7946
Glc: 0
++++++++++++++++++++
Term: moderate risk
Ecg: low risk
Oxi: low risk
Abps: high risk
Abpd: high risk
Glc: unknown
Patient_Status: 57.203164

*****************************************
PatientStatusInfo#
| THERM_RISK: 29.2418
| ECG_RISK: 14.1977
| OXIM_RISK: 17.2845
| ABPS_RISK: 98.6392
| ABPD_RISK: 66.9382
| GLC_RISK: 0
| PATIENT_STATE:MODERATE RISK
MilliSeconds Since Epoch: 1733104150703
*****************************************
General risk status: 57.2032%
++++++++++++++++++++
Trm: 38.5601
Ecg: 95.2593
Oxi: 67.3761
Abps: 293.596
Abpd: 95.7946
Glc: 0
++++++++++++++++++++
Term: moderate risk
Ecg: low risk
Oxi: low risk
Abps: high risk
Abpd: high risk
Glc: unknown
Patient_Status: 57.203164

*****************************************
PatientStatusInfo#
| THERM_RISK: 29.2418
| ECG_RISK: 14.1977
| OXIM_RISK: 17.2845
| ABPS_RISK: 98.6392
| ABPD_RISK: 66.9382
| GLC_RISK: 0
| PATIENT_STATE:MODERATE RISK
MilliSeconds Since Epoch: 1733104150803
*****************************************
General risk status: 57.2032%
++++++++++++++++++++
Trm: 38.5601
Ecg: 95.2593
Oxi: 67.3761
Abps: 293.596
Abpd: 95.7946
Glc: 0
++++++++++++++++++++
Term: moderate risk
Ecg: low risk
Oxi: low risk
Abps: high risk
Abpd: high risk
Glc: unknown
Patient_Status: 57.203164

*****************************************
PatientStatusInfo#
| THERM_RISK: 29.2418
| ECG_RISK: 14.1977
| OXIM_RISK: 17.2845
| ABPS_RISK: 98.6392
| ABPD_RISK: 66.9382
| GLC_RISK: 0
| PATIENT_STATE:MODERATE RISK
MilliSeconds Since Epoch: 1733104150903
*****************************************
General risk status: 56.8988%
++++++++++++++++++++
Trm: 38.5601
Ecg: 95.2593
Oxi: 67.3761
Abps: 293.596
Abpd: 90.8111
Glc: 0
++++++++++++++++++++
Term: moderate risk
Ecg: low risk
Oxi: low risk
Abps: high risk
Abpd: high risk
Glc: unknown
Patient_Status: 56.898792

*****************************************
PatientStatusInfo#
| THERM_RISK: 29.2418
| ECG_RISK: 14.1977
| OXIM_RISK: 17.2845
| ABPS_RISK: 98.6392
| ABPD_RISK: 66.1313
| GLC_RISK: 0
| PATIENT_STATE:MODERATE RISK
MilliSeconds Since Epoch: 1733104151003
*****************************************
General risk status: 57.2302%
++++++++++++++++++++
Trm: 38.5601
Ecg: 102.339
Oxi: 91.072
Abps: 293.596
Abpd: 90.8111
Glc: 0
++++++++++++++++++++
Term: moderate risk
Ecg: moderate risk
Oxi: low risk
Abps: high risk
Abpd: high risk
Glc: unknown
Patient_Status: 57.230200

*****************************************
PatientStatusInfo#
| THERM_RISK: 29.2418
| ECG_RISK: 34.0499
| OXIM_RISK: 9.79661
| ABPS_RISK: 98.6392
| ABPD_RISK: 66.1313
| GLC_RISK: 0
| PATIENT_STATE:MODERATE RISK
MilliSeconds Since Epoch: 1733104151103
*****************************************
General risk status: 57.2302%
++++++++++++++++++++
Trm: 38.5601
Ecg: 102.339
Oxi: 91.072
Abps: 293.596
Abpd: 90.8111
Glc: 0
++++++++++++++++++++
Term: moderate risk
Ecg: moderate risk
Oxi: low risk
Abps: high risk
Abpd: high risk
Glc: unknown
Patient_Status: 57.230200

*****************************************
PatientStatusInfo#
| THERM_RISK: 29.2418
| ECG_RISK: 34.0499
| OXIM_RISK: 9.79661
| ABPS_RISK: 98.6392
| ABPD_RISK: 66.1313
| GLC_RISK: 0
| PATIENT_STATE:MODERATE RISK
MilliSeconds Since Epoch: 1733104151204
*****************************************
General risk status: 57.2302%
++++++++++++++++++++
Trm: 38.5601
Ecg: 102.339
Oxi: 91.072
Abps: 293.596
Abpd: 90.8111
Glc: 0
++++++++++++++++++++
Term: moderate risk
Ecg: moderate risk
Oxi: low risk
Abps: high risk
Abpd: high risk
Glc: unknown
Patient_Status: 57.230200

*****************************************
PatientStatusInfo#
| THERM_RISK: 29.2418
| ECG_RISK: 34.0499
| OXIM_RISK: 9.79661
| ABPS_RISK: 98.6392
| ABPD_RISK: 66.1313
| GLC_RISK: 0
| PATIENT_STATE:MODERATE RISK
MilliSeconds Since Epoch: 1733104151304
*****************************************
General risk status: 57.2302%
++++++++++++++++++++
Trm: 38.5601
Ecg: 102.339
Oxi: 91.072
Abps: 293.596
Abpd: 90.8111
Glc: 0
++++++++++++++++++++
Term: moderate risk
Ecg: moderate risk
Oxi: low risk
Abps: high risk
Abpd: high risk
Glc: unknown
Patient_Status: 57.230200

*****************************************
PatientStatusInfo#
| THERM_RISK: 29.2418
| ECG_RISK: 34.0499
| OXIM_RISK: 9.79661
| ABPS_RISK: 98.6392
| ABPD_RISK: 66.1313
| GLC_RISK: 0
| PATIENT_STATE:MODERATE RISK
MilliSeconds Since Epoch: 1733104151404
*****************************************
General risk status: 57.2302%
++++++++++++++++++++
Trm: 38.5601
Ecg: 102.339
Oxi: 91.072
Abps: 293.596
Abpd: 90.8111
Glc: 0
++++++++++++++++++++
Term: moderate risk
Ecg: moderate risk
Oxi: low risk
Abps: high risk
Abpd: high risk
Glc: unknown
Patient_Status: 57.230200

*****************************************
PatientStatusInfo#
| THERM_RISK: 29.2418
| ECG_RISK: 34.0499
| OXIM_RISK: 9.79661
| ABPS_RISK: 98.6392
| ABPD_RISK: 66.1313
| GLC_RISK: 0
| PATIENT_STATE:MODERATE RISK
MilliSeconds Since Epoch: 1733104151504
*****************************************
General risk status: 57.2302%
++++++++++++++++++++
Trm: 38.5601
Ecg: 102.339
Oxi: 91.072
Abps: 293.596
Abpd: 90.8111
Glc: 0
++++++++++++++++++++
Term: moderate risk
Ecg: moderate risk
Oxi: low risk
Abps: high risk
Abpd: high risk
Glc: unknown
Patient_Status: 57.230200

*****************************************
PatientStatusInfo#
| THERM_RISK: 29.2418
| ECG_RISK: 34.0499
| OXIM_RISK: 9.79661
| ABPS_RISK: 98.6392
| ABPD_RISK: 66.1313
| GLC_RISK: 0
| PATIENT_STATE:MODERATE RISK
MilliSeconds Since Epoch: 1733104151604
*****************************************
General risk status: 49.7745%
++++++++++++++++++++
Trm: 38.5601
Ecg: 102.339
Oxi: 91.072
Abps: 188.525
Abpd: 90.8111
Glc: 0
++++++++++++++++++++
Term: moderate risk
Ecg: moderate risk
Oxi: low risk
Abps: high risk
Abpd: high risk
Glc: unknown
Patient_Status: 49.774478

*****************************************
PatientStatusInfo#
| THERM_RISK: 29.2418
| ECG_RISK: 34.0499
| OXIM_RISK: 9.79661
| ABPS_RISK: 76.3115
| ABPD_RISK: 66.1313
| GLC_RISK: 0
| PATIENT_STATE:MODERATE RISK
MilliSeconds Since Epoch: 1733104151704
*****************************************
General risk status: 49.7745%
++++++++++++++++++++
Trm: 38.5601
Ecg: 102.339
Oxi: 91.072
Abps: 188.525
Abpd: 90.8111
Glc: 0
++++++++++++++++++++
Term: moderate risk
Ecg: moderate risk
Oxi: low risk
Abps: high risk
Abpd: high risk
Glc: unknown
Patient_Status: 49.774478

*****************************************
PatientStatusInfo#
| THERM_RISK: 29.2418
| ECG_RISK: 34.0499
| OXIM_RISK: 9.79661
| ABPS_RISK: 76.3115
| ABPD_RISK: 66.1313
| GLC_RISK: 0
| PATIENT_STATE:MODERATE RISK
MilliSeconds Since Epoch: 1733104151804
*****************************************
General risk status: 49.7745%
++++++++++++++++++++
Trm: 38.5601
Ecg: 102.339
Oxi: 91.072
Abps: 188.525
Abpd: 90.8111
Glc: 0
++++++++++++++++++++
Term: moderate risk
Ecg: moderate risk
Oxi: low risk
Abps: high risk
Abpd: high risk
Glc: unknown
Patient_Status: 49.774478

*****************************************
PatientStatusInfo#
| THERM_RISK: 29.2418
| ECG_RISK: 34.0499
| OXIM_RISK: 9.79661
| ABPS_RISK: 76.3115
| ABPD_RISK: 66.1313
| GLC_RISK: 0
| PATIENT_STATE:MODERATE RISK
MilliSeconds Since Epoch: 1733104151904
*****************************************
/g4t1
/g4t1
