/g4t1
[0m[ INFO] [1733104253.593236516]: Module initial frequency: 1.000000[0m
/g4t1
[0m[ INFO] [1733104254.304927593]: Succesfully connected to effector.[0m
General risk status: 47.584%
++++++++++++++++++++
Trm: 37.3749
Ecg: 87.1172
Oxi: 65.1859
Abps: 143.789
Abpd: 97.7428
Glc: 0
++++++++++++++++++++
Term: low risk
Ecg: low risk
Oxi: low risk
Abps: high risk
Abpd: high risk
Glc: unknown
Patient_Status: 47.584015

*****************************************
PatientStatusInfo#
| THERM_RISK: 7.63578
| ECG_RISK: 12.9426
| OXIM_RISK: 19.7875
| ABPS_RISK: 66.8052
| ABPD_RISK: 67.2536
| GLC_RISK: 0
| PATIENT_STATE:MODERATE RISK
MilliSeconds Since Epoch: 1733104276528
*****************************************
General risk status: 47.584%
++++++++++++++++++++
Trm: 37.3749
Ecg: 87.1172
Oxi: 65.1859
Abps: 143.789
Abpd: 97.7428
Glc: 0
++++++++++++++++++++
Term: low risk
Ecg: low risk
Oxi: low risk
Abps: high risk
Abpd: high risk
Glc: unknown
Patient_Status: 47.584015

*****************************************
PatientStatusInfo#
| THERM_RISK: 7.63578
| ECG_RISK: 12.9426
| OXIM_RISK: 19.7875
| ABPS_RISK: 66.8052
| ABPD_RISK: 67.2536
| GLC_RISK: 0
| PATIENT_STATE:MODERATE RISK
MilliSeconds Since Epoch: 1733104276628
*****************************************
General risk status: 47.584%
++++++++++++++++++++
Trm: 37.3749
Ecg: 87.1172
Oxi: 65.1859
Abps: 143.789
Abpd: 97.7428
Glc: 0
++++++++++++++++++++
Term: low risk
Ecg: low risk
Oxi: low risk
Abps: high risk
Abpd: high risk
Glc: unknown
Patient_Status: 47.584015

*****************************************
PatientStatusInfo#
| THERM_RISK: 7.63578
| ECG_RISK: 12.9426
| OXIM_RISK: 19.7875
| ABPS_RISK: 66.8052
| ABPD_RISK: 67.2536
| GLC_RISK: 0
| PATIENT_STATE:MODERATE RISK
MilliSeconds Since Epoch: 1733104276728
*****************************************
General risk status: 46.8162%
++++++++++++++++++++
Trm: 37.3749
Ecg: 84.7696
Oxi: 67.3527
Abps: 143.789
Abpd: 97.7428
Glc: 0
++++++++++++++++++++
Term: low risk
Ecg: moderate risk
Oxi: low risk
Abps: high risk
Abpd: high risk
Glc: unknown
Patient_Status: 46.816186

*****************************************
PatientStatusInfo#
| THERM_RISK: 7.63578
| ECG_RISK: 21.6757
| OXIM_RISK: 17.3112
| ABPS_RISK: 66.8052
| ABPD_RISK: 67.2536
| GLC_RISK: 0
| PATIENT_STATE:MODERATE RISK
MilliSeconds Since Epoch: 1733104276828
*****************************************
General risk status: 46.8162%
++++++++++++++++++++
Trm: 37.3749
Ecg: 84.7696
Oxi: 67.3527
Abps: 143.789
Abpd: 97.7428
Glc: 0
++++++++++++++++++++
Term: low risk
Ecg: moderate risk
Oxi: low risk
Abps: high risk
Abpd: high risk
Glc: unknown
Patient_Status: 46.816186

*****************************************
PatientStatusInfo#
| THERM_RISK: 7.63578
| ECG_RISK: 21.6757
| OXIM_RISK: 17.3112
| ABPS_RISK: 66.8052
| ABPD_RISK: 67.2536
| GLC_RISK: 0
| PATIENT_STATE:MODERATE RISK
MilliSeconds Since Epoch: 1733104276928
*****************************************
General risk status: 46.8162%
++++++++++++++++++++
Trm: 37.3749
Ecg: 84.7696
Oxi: 67.3527
Abps: 143.789
Abpd: 97.7428
Glc: 0
++++++++++++++++++++
Term: low risk
Ecg: moderate risk
Oxi: low risk
Abps: high risk
Abpd: high risk
Glc: unknown
Patient_Status: 46.816186

*****************************************
PatientStatusInfo#
| THERM_RISK: 7.63578
| ECG_RISK: 21.6757
| OXIM_RISK: 17.3112
| ABPS_RISK: 66.8052
| ABPD_RISK: 67.2536
| GLC_RISK: 0
| PATIENT_STATE:MODERATE RISK
MilliSeconds Since Epoch: 1733104277028
*****************************************
General risk status: 46.8162%
++++++++++++++++++++
Trm: 37.3749
Ecg: 84.7696
Oxi: 67.3527
Abps: 143.789
Abpd: 97.7428
Glc: 0
++++++++++++++++++++
Term: low risk
Ecg: moderate risk
Oxi: low risk
Abps: high risk
Abpd: high risk
Glc: unknown
Patient_Status: 46.816186

*****************************************
PatientStatusInfo#
| THERM_RISK: 7.63578
| ECG_RISK: 21.6757
| OXIM_RISK: 17.3112
| ABPS_RISK: 66.8052
| ABPD_RISK: 67.2536
| GLC_RISK: 0
| PATIENT_STATE:MODERATE RISK
MilliSeconds Since Epoch: 1733104277128
*****************************************
General risk status: 46.8162%
++++++++++++++++++++
Trm: 37.3749
Ecg: 84.7696
Oxi: 67.3527
Abps: 143.789
Abpd: 97.7428
Glc: 0
++++++++++++++++++++
Term: low risk
Ecg: moderate risk
Oxi: low risk
Abps: high risk
Abpd: high risk
Glc: unknown
Patient_Status: 46.816186

*****************************************
PatientStatusInfo#
| THERM_RISK: 7.63578
| ECG_RISK: 21.6757
| OXIM_RISK: 17.3112
| ABPS_RISK: 66.8052
| ABPD_RISK: 67.2536
| GLC_RISK: 0
| PATIENT_STATE:MODERATE RISK
MilliSeconds Since Epoch: 1733104277228
*****************************************
General risk status: 46.8162%
++++++++++++++++++++
Trm: 37.3749
Ecg: 84.7696
Oxi: 67.3527
Abps: 143.789
Abpd: 97.7428
Glc: 0
++++++++++++++++++++
Term: low risk
Ecg: moderate risk
Oxi: low risk
Abps: high risk
Abpd: high risk
Glc: unknown
Patient_Status: 46.816186

*****************************************
PatientStatusInfo#
| THERM_RISK: 7.63578
| ECG_RISK: 21.6757
| OXIM_RISK: 17.3112
| ABPS_RISK: 66.8052
| ABPD_RISK: 67.2536
| GLC_RISK: 0
| PATIENT_STATE:MODERATE RISK
MilliSeconds Since Epoch: 1733104277328
*****************************************
General risk status: 46.8162%
++++++++++++++++++++
Trm: 37.3749
Ecg: 84.7696
Oxi: 67.3527
Abps: 143.789
Abpd: 97.7428
Glc: 0
++++++++++++++++++++
Term: low risk
Ecg: moderate risk
Oxi: low risk
Abps: high risk
Abpd: high risk
Glc: unknown
Patient_Status: 46.816186

*****************************************
PatientStatusInfo#
| THERM_RISK: 7.63578
| ECG_RISK: 21.6757
| OXIM_RISK: 17.3112
| ABPS_RISK: 66.8052
| ABPD_RISK: 67.2536
| GLC_RISK: 0
| PATIENT_STATE:MODERATE RISK
MilliSeconds Since Epoch: 1733104277428
*****************************************
General risk status: 59.1024%
++++++++++++++++++++
Trm: 37.3749
Ecg: 84.7696
Oxi: 67.3527
Abps: 288.802
Abpd: 98.2171
Glc: 0
++++++++++++++++++++
Term: low risk
Ecg: moderate risk
Oxi: low risk
Abps: high risk
Abpd: high risk
Glc: unknown
Patient_Status: 59.102385

*****************************************
PatientStatusInfo#
| THERM_RISK: 7.63578
| ECG_RISK: 21.6757
| OXIM_RISK: 17.3112
| ABPS_RISK: 97.6203
| ABPD_RISK: 67.3304
| GLC_RISK: 0
| PATIENT_STATE:MODERATE RISK
MilliSeconds Since Epoch: 1733104277528
*****************************************
General risk status: 59.1024%
++++++++++++++++++++
Trm: 37.3749
Ecg: 84.7696
Oxi: 67.3527
Abps: 288.802
Abpd: 98.2171
Glc: 0
++++++++++++++++++++
Term: low risk
Ecg: moderate risk
Oxi: low risk
Abps: high risk
Abpd: high risk
Glc: unknown
Patient_Status: 59.102385

*****************************************
PatientStatusInfo#
| THERM_RISK: 7.63578
| ECG_RISK: 21.6757
| OXIM_RISK: 17.3112
| ABPS_RISK: 97.6203
| ABPD_RISK: 67.3304
| GLC_RISK: 0
| PATIENT_STATE:MODERATE RISK
MilliSeconds Since Epoch: 1733104277628
*****************************************
General risk status: 59.1024%
++++++++++++++++++++
Trm: 37.3749
Ecg: 84.7696
Oxi: 67.3527
Abps: 288.802
Abpd: 98.2171
Glc: 0
++++++++++++++++++++
Term: low risk
Ecg: moderate risk
Oxi: low risk
Abps: high risk
Abpd: high risk
Glc: unknown
Patient_Status: 59.102385

*****************************************
PatientStatusInfo#
| THERM_RISK: 7.63578
| ECG_RISK: 21.6757
| OXIM_RISK: 17.3112
| ABPS_RISK: 97.6203
| ABPD_RISK: 67.3304
| GLC_RISK: 0
| PATIENT_STATE:MODERATE RISK
MilliSeconds Since Epoch: 1733104277729
*****************************************
============ EMERGENCY ============(66.7637%)
++++++++++++++++++++
Trm: 37.3749
Ecg: 89.7633
Oxi: 91.5985
Abps: 288.802
Abpd: 98.2171
Glc: 0
++++++++++++++++++++
Term: low risk
Ecg: low risk
Oxi: low risk
Abps: high risk
Abpd: high risk
Glc: unknown
Patient_Status: 66.763721

*****************************************
PatientStatusInfo#
| THERM_RISK: 7.63578
| ECG_RISK: 4.12234
| OXIM_RISK: 10.3983
| ABPS_RISK: 97.6203
| ABPD_RISK: 67.3304
| GLC_RISK: 0
| PATIENT_STATE:CRITICAL RISK
MilliSeconds Since Epoch: 1733104277829
*****************************************
============ EMERGENCY ============(66.7637%)
++++++++++++++++++++
Trm: 37.3749
Ecg: 89.7633
Oxi: 91.5985
Abps: 288.802
Abpd: 98.2171
Glc: 0
++++++++++++++++++++
Term: low risk
Ecg: low risk
Oxi: low risk
Abps: high risk
Abpd: high risk
Glc: unknown
Patient_Status: 66.763721

*****************************************
PatientStatusInfo#
| THERM_RISK: 7.63578
| ECG_RISK: 4.12234
| OXIM_RISK: 10.3983
| ABPS_RISK: 97.6203
| ABPD_RISK: 67.3304
| GLC_RISK: 0
| PATIENT_STATE:CRITICAL RISK
MilliSeconds Since Epoch: 1733104277929
*****************************************
============ EMERGENCY ============(66.7637%)
++++++++++++++++++++
Trm: 37.3749
Ecg: 89.7633
Oxi: 91.5985
Abps: 288.802
Abpd: 98.2171
Glc: 0
++++++++++++++++++++
Term: low risk
Ecg: low risk
Oxi: low risk
Abps: high risk
Abpd: high risk
Glc: unknown
Patient_Status: 66.763721

*****************************************
PatientStatusInfo#
| THERM_RISK: 7.63578
| ECG_RISK: 4.12234
| OXIM_RISK: 10.3983
| ABPS_RISK: 97.6203
| ABPD_RISK: 67.3304
| GLC_RISK: 0
| PATIENT_STATE:CRITICAL RISK
MilliSeconds Since Epoch: 1733104278029
*****************************************
============ EMERGENCY ============(66.7637%)
++++++++++++++++++++
Trm: 37.3749
Ecg: 89.7633
Oxi: 91.5985
Abps: 288.802
Abpd: 98.2171
Glc: 0
++++++++++++++++++++
Term: low risk
Ecg: low risk
Oxi: low risk
Abps: high risk
Abpd: high risk
Glc: unknown
Patient_Status: 66.763721

*****************************************
PatientStatusInfo#
| THERM_RISK: 7.63578
| ECG_RISK: 4.12234
| OXIM_RISK: 10.3983
| ABPS_RISK: 97.6203
| ABPD_RISK: 67.3304
| GLC_RISK: 0
| PATIENT_STATE:CRITICAL RISK
MilliSeconds Since Epoch: 1733104278129
*****************************************
============ EMERGENCY ============(66.7637%)
++++++++++++++++++++
Trm: 37.3749
Ecg: 89.7633
Oxi: 91.5985
Abps: 288.802
Abpd: 98.2171
Glc: 0
++++++++++++++++++++
Term: low risk
Ecg: low risk
Oxi: low risk
Abps: high risk
Abpd: high risk
Glc: unknown
Patient_Status: 66.763721

*****************************************
PatientStatusInfo#
| THERM_RISK: 7.63578
| ECG_RISK: 4.12234
| OXIM_RISK: 10.3983
| ABPS_RISK: 97.6203
| ABPD_RISK: 67.3304
| GLC_RISK: 0
| PATIENT_STATE:CRITICAL RISK
MilliSeconds Since Epoch: 1733104278229
*****************************************
============ EMERGENCY ============(66.7637%)
++++++++++++++++++++
Trm: 37.3749
Ecg: 89.7633
Oxi: 91.5985
Abps: 288.802
Abpd: 98.2171
Glc: 0
++++++++++++++++++++
Term: low risk
Ecg: low risk
Oxi: low risk
Abps: high risk
Abpd: high risk
Glc: unknown
Patient_Status: 66.763721

*****************************************
PatientStatusInfo#
| THERM_RISK: 7.63578
| ECG_RISK: 4.12234
| OXIM_RISK: 10.3983
| ABPS_RISK: 97.6203
| ABPD_RISK: 67.3304
| GLC_RISK: 0
| PATIENT_STATE:CRITICAL RISK
MilliSeconds Since Epoch: 1733104278329
*****************************************
General risk status: 56.84%
++++++++++++++++++++
Trm: 37.3749
Ecg: 89.7633
Oxi: 91.5985
Abps: 188.525
Abpd: 98.2171
Glc: 0
++++++++++++++++++++
Term: low risk
Ecg: low risk
Oxi: low risk
Abps: high risk
Abpd: high risk
Glc: unknown
Patient_Status: 56.839971

*****************************************
PatientStatusInfo#
| THERM_RISK: 7.63578
| ECG_RISK: 4.12234
| OXIM_RISK: 10.3983
| ABPS_RISK: 76.3115
| ABPD_RISK: 67.3304
| GLC_RISK: 0
| PATIENT_STATE:MODERATE RISK
MilliSeconds Since Epoch: 1733104278429
*****************************************
/g4t1
/g4t1
