/g4t1
[0m[ INFO] [1733104507.568972078]: Module initial frequency: 1.000000[0m
/g4t1
[0m[ INFO] [1733104508.352256630]: Succesfully connected to effector.[0m
General risk status: 47.3519%
++++++++++++++++++++
Trm: 37.3749
Ecg: 87.2276
Oxi: 66.0035
Abps: 141.098
Abpd: 95.3871
Glc: 0
++++++++++++++++++++
Term: low risk
Ecg: low risk
Oxi: low risk
Abps: high risk
Abpd: high risk
Glc: unknown
Patient_Status: 47.351941

*****************************************
PatientStatusInfo#
| THERM_RISK: 7.63578
| ECG_RISK: 12.5748
| OXIM_RISK: 18.8531
| ABPS_RISK: 66.2334
| ABPD_RISK: 66.8722
| GLC_RISK: 0
| PATIENT_STATE:MODERATE RISK
MilliSeconds Since Epoch: 1733104530476
*****************************************
General risk status: 47.3519%
++++++++++++++++++++
Trm: 37.3749
Ecg: 87.2276
Oxi: 66.0035
Abps: 141.098
Abpd: 95.3871
Glc: 0
++++++++++++++++++++
Term: low risk
Ecg: low risk
Oxi: low risk
Abps: high risk
Abpd: high risk
Glc: unknown
Patient_Status: 47.351941

*****************************************
PatientStatusInfo#
| THERM_RISK: 7.63578
| ECG_RISK: 12.5748
| OXIM_RISK: 18.8531
| ABPS_RISK: 66.2334
| ABPD_RISK: 66.8722
| GLC_RISK: 0
| PATIENT_STATE:MODERATE RISK
MilliSeconds Since Epoch: 1733104530576
*****************************************
General risk status: 47.3519%
++++++++++++++++++++
Trm: 37.3749
Ecg: 87.2276
Oxi: 66.0035
Abps: 141.098
Abpd: 95.3871
Glc: 0
++++++++++++++++++++
Term: low risk
Ecg: low risk
Oxi: low risk
Abps: high risk
Abpd: high risk
Glc: unknown
Patient_Status: 47.351941

*****************************************
PatientStatusInfo#
| THERM_RISK: 7.63578
| ECG_RISK: 12.5748
| OXIM_RISK: 18.8531
| ABPS_RISK: 66.2334
| ABPD_RISK: 66.8722
| GLC_RISK: 0
| PATIENT_STATE:MODERATE RISK
MilliSeconds Since Epoch: 1733104530676
*****************************************
General risk status: 47.3519%
++++++++++++++++++++
Trm: 37.3749
Ecg: 87.2276
Oxi: 66.0035
Abps: 141.098
Abpd: 95.3871
Glc: 0
++++++++++++++++++++
Term: low risk
Ecg: low risk
Oxi: low risk
Abps: high risk
Abpd: high risk
Glc: unknown
Patient_Status: 47.351941

*****************************************
PatientStatusInfo#
| THERM_RISK: 7.63578
| ECG_RISK: 12.5748
| OXIM_RISK: 18.8531
| ABPS_RISK: 66.2334
| ABPD_RISK: 66.8722
| GLC_RISK: 0
| PATIENT_STATE:MODERATE RISK
MilliSeconds Since Epoch: 1733104530776
*****************************************
General risk status: 46.5045%
++++++++++++++++++++
Trm: 37.3749
Ecg: 83.3935
Oxi: 67.5344
Abps: 141.098
Abpd: 95.3871
Glc: 0
++++++++++++++++++++
Term: low risk
Ecg: moderate risk
Oxi: low risk
Abps: high risk
Abpd: high risk
Glc: unknown
Patient_Status: 46.504518

*****************************************
PatientStatusInfo#
| THERM_RISK: 7.63578
| ECG_RISK: 25.7125
| OXIM_RISK: 17.1035
| ABPS_RISK: 66.2334
| ABPD_RISK: 66.8722
| GLC_RISK: 0
| PATIENT_STATE:MODERATE RISK
MilliSeconds Since Epoch: 1733104530876
*****************************************
General risk status: 46.5045%
++++++++++++++++++++
Trm: 37.3749
Ecg: 83.3935
Oxi: 67.5344
Abps: 141.098
Abpd: 95.3871
Glc: 0
++++++++++++++++++++
Term: low risk
Ecg: moderate risk
Oxi: low risk
Abps: high risk
Abpd: high risk
Glc: unknown
Patient_Status: 46.504518

*****************************************
PatientStatusInfo#
| THERM_RISK: 7.63578
| ECG_RISK: 25.7125
| OXIM_RISK: 17.1035
| ABPS_RISK: 66.2334
| ABPD_RISK: 66.8722
| GLC_RISK: 0
| PATIENT_STATE:MODERATE RISK
MilliSeconds Since Epoch: 1733104530976
*****************************************
General risk status: 46.5045%
++++++++++++++++++++
Trm: 37.3749
Ecg: 83.3935
Oxi: 67.5344
Abps: 141.098
Abpd: 95.3871
Glc: 0
++++++++++++++++++++
Term: low risk
Ecg: moderate risk
Oxi: low risk
Abps: high risk
Abpd: high risk
Glc: unknown
Patient_Status: 46.504518

*****************************************
PatientStatusInfo#
| THERM_RISK: 7.63578
| ECG_RISK: 25.7125
| OXIM_RISK: 17.1035
| ABPS_RISK: 66.2334
| ABPD_RISK: 66.8722
| GLC_RISK: 0
| PATIENT_STATE:MODERATE RISK
MilliSeconds Since Epoch: 1733104531076
*****************************************
General risk status: 46.5045%
++++++++++++++++++++
Trm: 37.3749
Ecg: 83.3935
Oxi: 67.5344
Abps: 141.098
Abpd: 95.3871
Glc: 0
++++++++++++++++++++
Term: low risk
Ecg: moderate risk
Oxi: low risk
Abps: high risk
Abpd: high risk
Glc: unknown
Patient_Status: 46.504518

*****************************************
PatientStatusInfo#
| THERM_RISK: 7.63578
| ECG_RISK: 25.7125
| OXIM_RISK: 17.1035
| ABPS_RISK: 66.2334
| ABPD_RISK: 66.8722
| GLC_RISK: 0
| PATIENT_STATE:MODERATE RISK
MilliSeconds Since Epoch: 1733104531176
*****************************************
General risk status: 46.5045%
++++++++++++++++++++
Trm: 37.3749
Ecg: 83.3935
Oxi: 67.5344
Abps: 141.098
Abpd: 95.3871
Glc: 0
++++++++++++++++++++
Term: low risk
Ecg: moderate risk
Oxi: low risk
Abps: high risk
Abpd: high risk
Glc: unknown
Patient_Status: 46.504518

*****************************************
PatientStatusInfo#
| THERM_RISK: 7.63578
| ECG_RISK: 25.7125
| OXIM_RISK: 17.1035
| ABPS_RISK: 66.2334
| ABPD_RISK: 66.8722
| GLC_RISK: 0
| PATIENT_STATE:MODERATE RISK
MilliSeconds Since Epoch: 1733104531276
*****************************************
General risk status: 58.6188%
++++++++++++++++++++
Trm: 37.3749
Ecg: 83.3935
Oxi: 67.5344
Abps: 288.995
Abpd: 95.3871
Glc: 0
++++++++++++++++++++
Term: low risk
Ecg: moderate risk
Oxi: low risk
Abps: high risk
Abpd: high risk
Glc: unknown
Patient_Status: 58.618768

*****************************************
PatientStatusInfo#
| THERM_RISK: 7.63578
| ECG_RISK: 25.7125
| OXIM_RISK: 17.1035
| ABPS_RISK: 97.6615
| ABPD_RISK: 66.8722
| GLC_RISK: 0
| PATIENT_STATE:MODERATE RISK
MilliSeconds Since Epoch: 1733104531376
*****************************************
General risk status: 58.4908%
++++++++++++++++++++
Trm: 37.3749
Ecg: 83.3935
Oxi: 67.5344
Abps: 288.995
Abpd: 93.4056
Glc: 0
++++++++++++++++++++
Term: low risk
Ecg: moderate risk
Oxi: low risk
Abps: high risk
Abpd: high risk
Glc: unknown
Patient_Status: 58.490795

*****************************************
PatientStatusInfo#
| THERM_RISK: 7.63578
| ECG_RISK: 25.7125
| OXIM_RISK: 17.1035
| ABPS_RISK: 97.6615
| ABPD_RISK: 66.5514
| GLC_RISK: 0
| PATIENT_STATE:MODERATE RISK
MilliSeconds Since Epoch: 1733104531476
*****************************************
General risk status: 58.4908%
++++++++++++++++++++
Trm: 37.3749
Ecg: 83.3935
Oxi: 67.5344
Abps: 288.995
Abpd: 93.4056
Glc: 0
++++++++++++++++++++
Term: low risk
Ecg: moderate risk
Oxi: low risk
Abps: high risk
Abpd: high risk
Glc: unknown
Patient_Status: 58.490795

*****************************************
PatientStatusInfo#
| THERM_RISK: 7.63578
| ECG_RISK: 25.7125
| OXIM_RISK: 17.1035
| ABPS_RISK: 97.6615
| ABPD_RISK: 66.5514
| GLC_RISK: 0
| PATIENT_STATE:MODERATE RISK
MilliSeconds Since Epoch: 1733104531576
*****************************************
General risk status: 58.4908%
++++++++++++++++++++
Trm: 37.3749
Ecg: 83.3935
Oxi: 67.5344
Abps: 288.995
Abpd: 93.4056
Glc: 0
++++++++++++++++++++
Term: low risk
Ecg: moderate risk
Oxi: low risk
Abps: high risk
Abpd: high risk
Glc: unknown
Patient_Status: 58.490795

*****************************************
PatientStatusInfo#
| THERM_RISK: 7.63578
| ECG_RISK: 25.7125
| OXIM_RISK: 17.1035
| ABPS_RISK: 97.6615
| ABPD_RISK: 66.5514
| GLC_RISK: 0
| PATIENT_STATE:MODERATE RISK
MilliSeconds Since Epoch: 1733104531676
*****************************************
General risk status: 58.4908%
++++++++++++++++++++
Trm: 37.3749
Ecg: 83.3935
Oxi: 67.5344
Abps: 288.995
Abpd: 93.4056
Glc: 0
++++++++++++++++++++
Term: low risk
Ecg: moderate risk
Oxi: low risk
Abps: high risk
Abpd: high risk
Glc: unknown
Patient_Status: 58.490795

*****************************************
PatientStatusInfo#
| THERM_RISK: 7.63578
| ECG_RISK: 25.7125
| OXIM_RISK: 17.1035
| ABPS_RISK: 97.6615
| ABPD_RISK: 66.5514
| GLC_RISK: 0
| PATIENT_STATE:MODERATE RISK
MilliSeconds Since Epoch: 1733104531777
*****************************************
============ EMERGENCY ============(66.8512%)
++++++++++++++++++++
Trm: 37.3749
Ecg: 89.3924
Oxi: 89.5013
Abps: 288.995
Abpd: 93.4056
Glc: 0
++++++++++++++++++++
Term: low risk
Ecg: low risk
Oxi: low risk
Abps: high risk
Abpd: high risk
Glc: unknown
Patient_Status: 66.851173

*****************************************
PatientStatusInfo#
| THERM_RISK: 7.63578
| ECG_RISK: 5.35864
| OXIM_RISK: 8.00147
| ABPS_RISK: 97.6615
| ABPD_RISK: 66.5514
| GLC_RISK: 0
| PATIENT_STATE:CRITICAL RISK
MilliSeconds Since Epoch: 1733104531877
*****************************************
============ EMERGENCY ============(66.8512%)
++++++++++++++++++++
Trm: 37.3749
Ecg: 89.3924
Oxi: 89.5013
Abps: 288.995
Abpd: 93.4056
Glc: 0
++++++++++++++++++++
Term: low risk
Ecg: low risk
Oxi: low risk
Abps: high risk
Abpd: high risk
Glc: unknown
Patient_Status: 66.851173

*****************************************
PatientStatusInfo#
| THERM_RISK: 7.63578
| ECG_RISK: 5.35864
| OXIM_RISK: 8.00147
| ABPS_RISK: 97.6615
| ABPD_RISK: 66.5514
| GLC_RISK: 0
| PATIENT_STATE:CRITICAL RISK
MilliSeconds Since Epoch: 1733104531977
*****************************************
============ EMERGENCY ============(66.8512%)
++++++++++++++++++++
Trm: 37.3749
Ecg: 89.3924
Oxi: 89.5013
Abps: 288.995
Abpd: 93.4056
Glc: 0
++++++++++++++++++++
Term: low risk
Ecg: low risk
Oxi: low risk
Abps: high risk
Abpd: high risk
Glc: unknown
Patient_Status: 66.851173

*****************************************
PatientStatusInfo#
| THERM_RISK: 7.63578
| ECG_RISK: 5.35864
| OXIM_RISK: 8.00147
| ABPS_RISK: 97.6615
| ABPD_RISK: 66.5514
| GLC_RISK: 0
| PATIENT_STATE:CRITICAL RISK
MilliSeconds Since Epoch: 1733104532077
*****************************************
============ EMERGENCY ============(66.8512%)
++++++++++++++++++++
Trm: 37.3749
Ecg: 89.3924
Oxi: 89.5013
Abps: 288.995
Abpd: 93.4056
Glc: 0
++++++++++++++++++++
Term: low risk
Ecg: low risk
Oxi: low risk
Abps: high risk
Abpd: high risk
Glc: unknown
Patient_Status: 66.851173

*****************************************
PatientStatusInfo#
| THERM_RISK: 7.63578
| ECG_RISK: 5.35864
| OXIM_RISK: 8.00147
| ABPS_RISK: 97.6615
| ABPD_RISK: 66.5514
| GLC_RISK: 0
| PATIENT_STATE:CRITICAL RISK
MilliSeconds Since Epoch: 1733104532177
*****************************************
============ EMERGENCY ============(66.8512%)
++++++++++++++++++++
Trm: 37.3749
Ecg: 89.3924
Oxi: 89.5013
Abps: 288.995
Abpd: 93.4056
Glc: 0
++++++++++++++++++++
Term: low risk
Ecg: low risk
Oxi: low risk
Abps: high risk
Abpd: high risk
Glc: unknown
Patient_Status: 66.851173

*****************************************
PatientStatusInfo#
| THERM_RISK: 7.63578
| ECG_RISK: 5.35864
| OXIM_RISK: 8.00147
| ABPS_RISK: 97.6615
| ABPD_RISK: 66.5514
| GLC_RISK: 0
| PATIENT_STATE:CRITICAL RISK
MilliSeconds Since Epoch: 1733104532277
*****************************************
General risk status: 56.8392%
++++++++++++++++++++
Trm: 37.3749
Ecg: 89.3924
Oxi: 89.5013
Abps: 188.525
Abpd: 93.4056
Glc: 0
++++++++++++++++++++
Term: low risk
Ecg: low risk
Oxi: low risk
Abps: high risk
Abpd: high risk
Glc: unknown
Patient_Status: 56.839187

*****************************************
PatientStatusInfo#
| THERM_RISK: 7.63578
| ECG_RISK: 5.35864
| OXIM_RISK: 8.00147
| ABPS_RISK: 76.3115
| ABPD_RISK: 66.5514
| GLC_RISK: 0
| PATIENT_STATE:MODERATE RISK
MilliSeconds Since Epoch: 1733104532377
*****************************************
/g4t1
/g4t1
