/g4t1
[0m[ INFO] [1733104316.968177999]: Module initial frequency: 1.000000[0m
/g4t1
[0m[ INFO] [1733104317.720611140]: Succesfully connected to effector.[0m
General risk status: 58.4063%
++++++++++++++++++++
Trm: 37.3749
Ecg: 83.6652
Oxi: 66.87
Abps: 157.779
Abpd: 265.674
Glc: 0
++++++++++++++++++++
Term: low risk
Ecg: moderate risk
Oxi: low risk
Abps: high risk
Abpd: high risk
Glc: unknown
Patient_Status: 58.406314

*****************************************
PatientStatusInfo#
| THERM_RISK: 7.63578
| ECG_RISK: 24.9155
| OXIM_RISK: 17.8629
| ABPS_RISK: 69.778
| ABPD_RISK: 94.4425
| GLC_RISK: 0
| PATIENT_STATE:MODERATE RISK
MilliSeconds Since Epoch: 1733104340246
*****************************************
General risk status: 58.4063%
++++++++++++++++++++
Trm: 37.3749
Ecg: 83.6652
Oxi: 66.87
Abps: 157.779
Abpd: 265.674
Glc: 0
++++++++++++++++++++
Term: low risk
Ecg: moderate risk
Oxi: low risk
Abps: high risk
Abpd: high risk
Glc: unknown
Patient_Status: 58.406314

*****************************************
PatientStatusInfo#
| THERM_RISK: 7.63578
| ECG_RISK: 24.9155
| OXIM_RISK: 17.8629
| ABPS_RISK: 69.778
| ABPD_RISK: 94.4425
| GLC_RISK: 0
| PATIENT_STATE:MODERATE RISK
MilliSeconds Since Epoch: 1733104340346
*****************************************
General risk status: 58.4063%
++++++++++++++++++++
Trm: 37.3749
Ecg: 83.6652
Oxi: 66.87
Abps: 157.779
Abpd: 265.674
Glc: 0
++++++++++++++++++++
Term: low risk
Ecg: moderate risk
Oxi: low risk
Abps: high risk
Abpd: high risk
Glc: unknown
Patient_Status: 58.406314

*****************************************
PatientStatusInfo#
| THERM_RISK: 7.63578
| ECG_RISK: 24.9155
| OXIM_RISK: 17.8629
| ABPS_RISK: 69.778
| ABPD_RISK: 94.4425
| GLC_RISK: 0
| PATIENT_STATE:MODERATE RISK
MilliSeconds Since Epoch: 1733104340446
*****************************************
General risk status: 58.4063%
++++++++++++++++++++
Trm: 37.3749
Ecg: 83.6652
Oxi: 66.87
Abps: 157.779
Abpd: 265.674
Glc: 0
++++++++++++++++++++
Term: low risk
Ecg: moderate risk
Oxi: low risk
Abps: high risk
Abpd: high risk
Glc: unknown
Patient_Status: 58.406314

*****************************************
PatientStatusInfo#
| THERM_RISK: 7.63578
| ECG_RISK: 24.9155
| OXIM_RISK: 17.8629
| ABPS_RISK: 69.778
| ABPD_RISK: 94.4425
| GLC_RISK: 0
| PATIENT_STATE:MODERATE RISK
MilliSeconds Since Epoch: 1733104340546
*****************************************
General risk status: 58.4063%
++++++++++++++++++++
Trm: 37.3749
Ecg: 83.6652
Oxi: 66.87
Abps: 157.779
Abpd: 265.674
Glc: 0
++++++++++++++++++++
Term: low risk
Ecg: moderate risk
Oxi: low risk
Abps: high risk
Abpd: high risk
Glc: unknown
Patient_Status: 58.406314

*****************************************
PatientStatusInfo#
| THERM_RISK: 7.63578
| ECG_RISK: 24.9155
| OXIM_RISK: 17.8629
| ABPS_RISK: 69.778
| ABPD_RISK: 94.4425
| GLC_RISK: 0
| PATIENT_STATE:MODERATE RISK
MilliSeconds Since Epoch: 1733104340646
*****************************************
General risk status: 58.4063%
++++++++++++++++++++
Trm: 37.3749
Ecg: 83.6652
Oxi: 66.87
Abps: 157.779
Abpd: 265.674
Glc: 0
++++++++++++++++++++
Term: low risk
Ecg: moderate risk
Oxi: low risk
Abps: high risk
Abpd: high risk
Glc: unknown
Patient_Status: 58.406314

*****************************************
PatientStatusInfo#
| THERM_RISK: 7.63578
| ECG_RISK: 24.9155
| OXIM_RISK: 17.8629
| ABPS_RISK: 69.778
| ABPD_RISK: 94.4425
| GLC_RISK: 0
| PATIENT_STATE:MODERATE RISK
MilliSeconds Since Epoch: 1733104340746
*****************************************
General risk status: 58.4063%
++++++++++++++++++++
Trm: 37.3749
Ecg: 83.6652
Oxi: 66.87
Abps: 157.779
Abpd: 265.674
Glc: 0
++++++++++++++++++++
Term: low risk
Ecg: moderate risk
Oxi: low risk
Abps: high risk
Abpd: high risk
Glc: unknown
Patient_Status: 58.406314

*****************************************
PatientStatusInfo#
| THERM_RISK: 7.63578
| ECG_RISK: 24.9155
| OXIM_RISK: 17.8629
| ABPS_RISK: 69.778
| ABPD_RISK: 94.4425
| GLC_RISK: 0
| PATIENT_STATE:MODERATE RISK
MilliSeconds Since Epoch: 1733104340846
*****************************************
============ EMERGENCY ============(69.8479%)
++++++++++++++++++++
Trm: 37.3749
Ecg: 83.6652
Oxi: 66.87
Abps: 289.472
Abpd: 265.674
Glc: 0
++++++++++++++++++++
Term: low risk
Ecg: moderate risk
Oxi: low risk
Abps: high risk
Abpd: high risk
Glc: unknown
Patient_Status: 69.847857

*****************************************
PatientStatusInfo#
| THERM_RISK: 7.63578
| ECG_RISK: 24.9155
| OXIM_RISK: 17.8629
| ABPS_RISK: 97.7627
| ABPD_RISK: 94.4425
| GLC_RISK: 0
| PATIENT_STATE:CRITICAL RISK
MilliSeconds Since Epoch: 1733104340946
*****************************************
============ EMERGENCY ============(69.8479%)
++++++++++++++++++++
Trm: 37.3749
Ecg: 83.6652
Oxi: 66.87
Abps: 289.472
Abpd: 265.674
Glc: 0
++++++++++++++++++++
Term: low risk
Ecg: moderate risk
Oxi: low risk
Abps: high risk
Abpd: high risk
Glc: unknown
Patient_Status: 69.847857

*****************************************
PatientStatusInfo#
| THERM_RISK: 7.63578
| ECG_RISK: 24.9155
| OXIM_RISK: 17.8629
| ABPS_RISK: 97.7627
| ABPD_RISK: 94.4425
| GLC_RISK: 0
| PATIENT_STATE:CRITICAL RISK
MilliSeconds Since Epoch: 1733104341046
*****************************************
============ EMERGENCY ============(69.8479%)
++++++++++++++++++++
Trm: 37.3749
Ecg: 83.6652
Oxi: 66.87
Abps: 289.472
Abpd: 265.674
Glc: 0
++++++++++++++++++++
Term: low risk
Ecg: moderate risk
Oxi: low risk
Abps: high risk
Abpd: high risk
Glc: unknown
Patient_Status: 69.847857

*****************************************
PatientStatusInfo#
| THERM_RISK: 7.63578
| ECG_RISK: 24.9155
| OXIM_RISK: 17.8629
| ABPS_RISK: 97.7627
| ABPD_RISK: 94.4425
| GLC_RISK: 0
| PATIENT_STATE:CRITICAL RISK
MilliSeconds Since Epoch: 1733104341146
*****************************************
============ EMERGENCY ============(82.8608%)
++++++++++++++++++++
Trm: 37.3749
Ecg: 89.3969
Oxi: 89.0979
Abps: 289.472
Abpd: 297.033
Glc: 0
++++++++++++++++++++
Term: low risk
Ecg: low risk
Oxi: low risk
Abps: high risk
Abpd: high risk
Glc: unknown
Patient_Status: 82.860848

*****************************************
PatientStatusInfo#
| THERM_RISK: 7.63578
| ECG_RISK: 5.34383
| OXIM_RISK: 7.54045
| ABPS_RISK: 97.7627
| ABPD_RISK: 99.5196
| GLC_RISK: 0
| PATIENT_STATE:VERY CRITICAL RISK
MilliSeconds Since Epoch: 1733104341246
*****************************************
============ EMERGENCY ============(82.8608%)
++++++++++++++++++++
Trm: 37.3749
Ecg: 89.3969
Oxi: 89.0979
Abps: 289.472
Abpd: 297.033
Glc: 0
++++++++++++++++++++
Term: low risk
Ecg: low risk
Oxi: low risk
Abps: high risk
Abpd: high risk
Glc: unknown
Patient_Status: 82.860848

*****************************************
PatientStatusInfo#
| THERM_RISK: 7.63578
| ECG_RISK: 5.34383
| OXIM_RISK: 7.54045
| ABPS_RISK: 97.7627
| ABPD_RISK: 99.5196
| GLC_RISK: 0
| PATIENT_STATE:VERY CRITICAL RISK
MilliSeconds Since Epoch: 1733104341346
*****************************************
============ EMERGENCY ============(82.8608%)
++++++++++++++++++++
Trm: 37.3749
Ecg: 89.3969
Oxi: 89.0979
Abps: 289.472
Abpd: 297.033
Glc: 0
++++++++++++++++++++
Term: low risk
Ecg: low risk
Oxi: low risk
Abps: high risk
Abpd: high risk
Glc: unknown
Patient_Status: 82.860848

*****************************************
PatientStatusInfo#
| THERM_RISK: 7.63578
| ECG_RISK: 5.34383
| OXIM_RISK: 7.54045
| ABPS_RISK: 97.7627
| ABPD_RISK: 99.5196
| GLC_RISK: 0
| PATIENT_STATE:VERY CRITICAL RISK
MilliSeconds Since Epoch: 1733104341446
*****************************************
============ EMERGENCY ============(82.8608%)
++++++++++++++++++++
Trm: 37.3749
Ecg: 89.3969
Oxi: 89.0979
Abps: 289.472
Abpd: 297.033
Glc: 0
++++++++++++++++++++
Term: low risk
Ecg: low risk
Oxi: low risk
Abps: high risk
Abpd: high risk
Glc: unknown
Patient_Status: 82.860848

*****************************************
PatientStatusInfo#
| THERM_RISK: 7.63578
| ECG_RISK: 5.34383
| OXIM_RISK: 7.54045
| ABPS_RISK: 97.7627
| ABPD_RISK: 99.5196
| GLC_RISK: 0
| PATIENT_STATE:VERY CRITICAL RISK
MilliSeconds Since Epoch: 1733104341547
*****************************************
============ EMERGENCY ============(82.8608%)
++++++++++++++++++++
Trm: 37.3749
Ecg: 89.3969
Oxi: 89.0979
Abps: 289.472
Abpd: 297.033
Glc: 0
++++++++++++++++++++
Term: low risk
Ecg: low risk
Oxi: low risk
Abps: high risk
Abpd: high risk
Glc: unknown
Patient_Status: 82.860848

*****************************************
PatientStatusInfo#
| THERM_RISK: 7.63578
| ECG_RISK: 5.34383
| OXIM_RISK: 7.54045
| ABPS_RISK: 97.7627
| ABPD_RISK: 99.5196
| GLC_RISK: 0
| PATIENT_STATE:VERY CRITICAL RISK
MilliSeconds Since Epoch: 1733104341647
*****************************************
============ EMERGENCY ============(82.8608%)
++++++++++++++++++++
Trm: 37.3749
Ecg: 89.3969
Oxi: 89.0979
Abps: 289.472
Abpd: 297.033
Glc: 0
++++++++++++++++++++
Term: low risk
Ecg: low risk
Oxi: low risk
Abps: high risk
Abpd: high risk
Glc: unknown
Patient_Status: 82.860848

*****************************************
PatientStatusInfo#
| THERM_RISK: 7.63578
| ECG_RISK: 5.34383
| OXIM_RISK: 7.54045
| ABPS_RISK: 97.7627
| ABPD_RISK: 99.5196
| GLC_RISK: 0
| PATIENT_STATE:VERY CRITICAL RISK
MilliSeconds Since Epoch: 1733104341747
*****************************************
============ EMERGENCY ============(82.8608%)
++++++++++++++++++++
Trm: 37.3749
Ecg: 89.3969
Oxi: 89.0979
Abps: 289.472
Abpd: 297.033
Glc: 0
++++++++++++++++++++
Term: low risk
Ecg: low risk
Oxi: low risk
Abps: high risk
Abpd: high risk
Glc: unknown
Patient_Status: 82.860848

*****************************************
PatientStatusInfo#
| THERM_RISK: 7.63578
| ECG_RISK: 5.34383
| OXIM_RISK: 7.54045
| ABPS_RISK: 97.7627
| ABPD_RISK: 99.5196
| GLC_RISK: 0
| PATIENT_STATE:VERY CRITICAL RISK
MilliSeconds Since Epoch: 1733104341847
*****************************************
============ EMERGENCY ============(72.6041%)
++++++++++++++++++++
Trm: 37.3749
Ecg: 89.3969
Oxi: 89.0979
Abps: 188.525
Abpd: 297.033
Glc: 0
++++++++++++++++++++
Term: low risk
Ecg: low risk
Oxi: low risk
Abps: high risk
Abpd: high risk
Glc: unknown
Patient_Status: 72.604061

*****************************************
PatientStatusInfo#
| THERM_RISK: 7.63578
| ECG_RISK: 5.34383
| OXIM_RISK: 7.54045
| ABPS_RISK: 76.3115
| ABPD_RISK: 99.5196
| GLC_RISK: 0
| PATIENT_STATE:CRITICAL RISK
MilliSeconds Since Epoch: 1733104341947
*****************************************
============ EMERGENCY ============(72.6041%)
++++++++++++++++++++
Trm: 37.3749
Ecg: 89.3969
Oxi: 89.0979
Abps: 188.525
Abpd: 297.033
Glc: 0
++++++++++++++++++++
Term: low risk
Ecg: low risk
Oxi: low risk
Abps: high risk
Abpd: high risk
Glc: unknown
Patient_Status: 72.604061

*****************************************
PatientStatusInfo#
| THERM_RISK: 7.63578
| ECG_RISK: 5.34383
| OXIM_RISK: 7.54045
| ABPS_RISK: 76.3115
| ABPD_RISK: 99.5196
| GLC_RISK: 0
| PATIENT_STATE:CRITICAL RISK
MilliSeconds Since Epoch: 1733104342047
*****************************************
============ EMERGENCY ============(72.6041%)
++++++++++++++++++++
Trm: 37.3749
Ecg: 89.3969
Oxi: 89.0979
Abps: 188.525
Abpd: 297.033
Glc: 0
++++++++++++++++++++
Term: low risk
Ecg: low risk
Oxi: low risk
Abps: high risk
Abpd: high risk
Glc: unknown
Patient_Status: 72.604061

*****************************************
PatientStatusInfo#
| THERM_RISK: 7.63578
| ECG_RISK: 5.34383
| OXIM_RISK: 7.54045
| ABPS_RISK: 76.3115
| ABPD_RISK: 99.5196
| GLC_RISK: 0
| PATIENT_STATE:CRITICAL RISK
MilliSeconds Since Epoch: 1733104342147
*****************************************
General risk status: 51.3458%
++++++++++++++++++++
Trm: 37.3749
Ecg: 97.0111
Oxi: 99.4485
Abps: 188.525
Abpd: 114.071
Glc: 0
++++++++++++++++++++
Term: low risk
Ecg: moderate risk
Oxi: low risk
Abps: high risk
Abpd: high risk
Glc: unknown
Patient_Status: 51.345829

*****************************************
PatientStatusInfo#
| THERM_RISK: 7.63578
| ECG_RISK: 21.027
| OXIM_RISK: 19.3697
| ABPS_RISK: 76.3115
| ABPD_RISK: 69.8972
| GLC_RISK: 0
| PATIENT_STATE:MODERATE RISK
MilliSeconds Since Epoch: 1733104342247
*****************************************
General risk status: 51.3458%
++++++++++++++++++++
Trm: 37.3749
Ecg: 97.0111
Oxi: 99.4485
Abps: 188.525
Abpd: 114.071
Glc: 0
++++++++++++++++++++
Term: low risk
Ecg: moderate risk
Oxi: low risk
Abps: high risk
Abpd: high risk
Glc: unknown
Patient_Status: 51.345829

*****************************************
PatientStatusInfo#
| THERM_RISK: 7.63578
| ECG_RISK: 21.027
| OXIM_RISK: 19.3697
| ABPS_RISK: 76.3115
| ABPD_RISK: 69.8972
| GLC_RISK: 0
| PATIENT_STATE:MODERATE RISK
MilliSeconds Since Epoch: 1733104342347
*****************************************
General risk status: 51.3458%
++++++++++++++++++++
Trm: 37.3749
Ecg: 97.0111
Oxi: 99.4485
Abps: 188.525
Abpd: 114.071
Glc: 0
++++++++++++++++++++
Term: low risk
Ecg: moderate risk
Oxi: low risk
Abps: high risk
Abpd: high risk
Glc: unknown
Patient_Status: 51.345829

*****************************************
PatientStatusInfo#
| THERM_RISK: 7.63578
| ECG_RISK: 21.027
| OXIM_RISK: 19.3697
| ABPS_RISK: 76.3115
| ABPD_RISK: 69.8972
| GLC_RISK: 0
| PATIENT_STATE:MODERATE RISK
MilliSeconds Since Epoch: 1733104342447
*****************************************
General risk status: 51.3458%
++++++++++++++++++++
Trm: 37.3749
Ecg: 97.0111
Oxi: 99.4485
Abps: 188.525
Abpd: 114.071
Glc: 0
++++++++++++++++++++
Term: low risk
Ecg: moderate risk
Oxi: low risk
Abps: high risk
Abpd: high risk
Glc: unknown
Patient_Status: 51.345829

*****************************************
PatientStatusInfo#
| THERM_RISK: 7.63578
| ECG_RISK: 21.027
| OXIM_RISK: 19.3697
| ABPS_RISK: 76.3115
| ABPD_RISK: 69.8972
| GLC_RISK: 0
| PATIENT_STATE:MODERATE RISK
MilliSeconds Since Epoch: 1733104342547
*****************************************
General risk status: 51.3458%
++++++++++++++++++++
Trm: 37.3749
Ecg: 97.0111
Oxi: 99.4485
Abps: 188.525
Abpd: 114.071
Glc: 0
++++++++++++++++++++
Term: low risk
Ecg: moderate risk
Oxi: low risk
Abps: high risk
Abpd: high risk
Glc: unknown
Patient_Status: 51.345829

*****************************************
PatientStatusInfo#
| THERM_RISK: 7.63578
| ECG_RISK: 21.027
| OXIM_RISK: 19.3697
| ABPS_RISK: 76.3115
| ABPD_RISK: 69.8972
| GLC_RISK: 0
| PATIENT_STATE:MODERATE RISK
MilliSeconds Since Epoch: 1733104342648
*****************************************
General risk status: 51.3458%
++++++++++++++++++++
Trm: 37.3749
Ecg: 97.0111
Oxi: 99.4485
Abps: 188.525
Abpd: 114.071
Glc: 0
++++++++++++++++++++
Term: low risk
Ecg: moderate risk
Oxi: low risk
Abps: high risk
Abpd: high risk
Glc: unknown
Patient_Status: 51.345829

*****************************************
PatientStatusInfo#
| THERM_RISK: 7.63578
| ECG_RISK: 21.027
| OXIM_RISK: 19.3697
| ABPS_RISK: 76.3115
| ABPD_RISK: 69.8972
| GLC_RISK: 0
| PATIENT_STATE:MODERATE RISK
MilliSeconds Since Epoch: 1733104342748
*****************************************
General risk status: 51.3458%
++++++++++++++++++++
Trm: 37.3749
Ecg: 97.0111
Oxi: 99.4485
Abps: 188.525
Abpd: 114.071
Glc: 0
++++++++++++++++++++
Term: low risk
Ecg: moderate risk
Oxi: low risk
Abps: high risk
Abpd: high risk
Glc: unknown
Patient_Status: 51.345829

*****************************************
PatientStatusInfo#
| THERM_RISK: 7.63578
| ECG_RISK: 21.027
| OXIM_RISK: 19.3697
| ABPS_RISK: 76.3115
| ABPD_RISK: 69.8972
| GLC_RISK: 0
| PATIENT_STATE:MODERATE RISK
MilliSeconds Since Epoch: 1733104342848
*****************************************
General risk status: 47.5013%
++++++++++++++++++++
Trm: 37.3749
Ecg: 97.0111
Oxi: 99.4485
Abps: 141.765
Abpd: 114.071
Glc: 0
++++++++++++++++++++
Term: low risk
Ecg: moderate risk
Oxi: low risk
Abps: high risk
Abpd: high risk
Glc: unknown
Patient_Status: 47.501307

*****************************************
PatientStatusInfo#
| THERM_RISK: 7.63578
| ECG_RISK: 21.027
| OXIM_RISK: 19.3697
| ABPS_RISK: 66.3751
| ABPD_RISK: 69.8972
| GLC_RISK: 0
| PATIENT_STATE:MODERATE RISK
MilliSeconds Since Epoch: 1733104342948
*****************************************
General risk status: 47.5013%
++++++++++++++++++++
Trm: 37.3749
Ecg: 97.0111
Oxi: 99.4485
Abps: 141.765
Abpd: 114.071
Glc: 0
++++++++++++++++++++
Term: low risk
Ecg: moderate risk
Oxi: low risk
Abps: high risk
Abpd: high risk
Glc: unknown
Patient_Status: 47.501307

*****************************************
PatientStatusInfo#
| THERM_RISK: 7.63578
| ECG_RISK: 21.027
| OXIM_RISK: 19.3697
| ABPS_RISK: 66.3751
| ABPD_RISK: 69.8972
| GLC_RISK: 0
| PATIENT_STATE:MODERATE RISK
MilliSeconds Since Epoch: 1733104343048
*****************************************
General risk status: 47.5013%
++++++++++++++++++++
Trm: 37.3749
Ecg: 97.0111
Oxi: 99.4485
Abps: 141.765
Abpd: 114.071
Glc: 0
++++++++++++++++++++
Term: low risk
Ecg: moderate risk
Oxi: low risk
Abps: high risk
Abpd: high risk
Glc: unknown
Patient_Status: 47.501307

*****************************************
PatientStatusInfo#
| THERM_RISK: 7.63578
| ECG_RISK: 21.027
| OXIM_RISK: 19.3697
| ABPS_RISK: 66.3751
| ABPD_RISK: 69.8972
| GLC_RISK: 0
| PATIENT_STATE:MODERATE RISK
MilliSeconds Since Epoch: 1733104343148
*****************************************
General risk status: 63.4169%
++++++++++++++++++++
Trm: 37.3749
Ecg: 96.4054
Oxi: 81.5606
Abps: 141.765
Abpd: 258.602
Glc: 0
++++++++++++++++++++
Term: low risk
Ecg: low risk
Oxi: low risk
Abps: high risk
Abpd: high risk
Glc: unknown
Patient_Status: 63.416941

*****************************************
PatientStatusInfo#
| THERM_RISK: 7.63578
| ECG_RISK: 18.0179
| OXIM_RISK: 1.07365
| ABPS_RISK: 66.3751
| ABPD_RISK: 93.2975
| GLC_RISK: 0
| PATIENT_STATE:CRITICAL RISK
MilliSeconds Since Epoch: 1733104343248
*****************************************
General risk status: 63.4169%
++++++++++++++++++++
Trm: 37.3749
Ecg: 96.4054
Oxi: 81.5606
Abps: 141.765
Abpd: 258.602
Glc: 0
++++++++++++++++++++
Term: low risk
Ecg: low risk
Oxi: low risk
Abps: high risk
Abpd: high risk
Glc: unknown
Patient_Status: 63.416941

*****************************************
PatientStatusInfo#
| THERM_RISK: 7.63578
| ECG_RISK: 18.0179
| OXIM_RISK: 1.07365
| ABPS_RISK: 66.3751
| ABPD_RISK: 93.2975
| GLC_RISK: 0
| PATIENT_STATE:CRITICAL RISK
MilliSeconds Since Epoch: 1733104343348
*****************************************
General risk status: 63.4169%
++++++++++++++++++++
Trm: 37.3749
Ecg: 96.4054
Oxi: 81.5606
Abps: 141.765
Abpd: 258.602
Glc: 0
++++++++++++++++++++
Term: low risk
Ecg: low risk
Oxi: low risk
Abps: high risk
Abpd: high risk
Glc: unknown
Patient_Status: 63.416941

*****************************************
PatientStatusInfo#
| THERM_RISK: 7.63578
| ECG_RISK: 18.0179
| OXIM_RISK: 1.07365
| ABPS_RISK: 66.3751
| ABPD_RISK: 93.2975
| GLC_RISK: 0
| PATIENT_STATE:CRITICAL RISK
MilliSeconds Since Epoch: 1733104343448
*****************************************
General risk status: 63.4169%
++++++++++++++++++++
Trm: 37.3749
Ecg: 96.4054
Oxi: 81.5606
Abps: 141.765
Abpd: 258.602
Glc: 0
++++++++++++++++++++
Term: low risk
Ecg: low risk
Oxi: low risk
Abps: high risk
Abpd: high risk
Glc: unknown
Patient_Status: 63.416941

*****************************************
PatientStatusInfo#
| THERM_RISK: 7.63578
| ECG_RISK: 18.0179
| OXIM_RISK: 1.07365
| ABPS_RISK: 66.3751
| ABPD_RISK: 93.2975
| GLC_RISK: 0
| PATIENT_STATE:CRITICAL RISK
MilliSeconds Since Epoch: 1733104343548
*****************************************
General risk status: 63.4169%
++++++++++++++++++++
Trm: 37.3749
Ecg: 96.4054
Oxi: 81.5606
Abps: 141.765
Abpd: 258.602
Glc: 0
++++++++++++++++++++
Term: low risk
Ecg: low risk
Oxi: low risk
Abps: high risk
Abpd: high risk
Glc: unknown
Patient_Status: 63.416941

*****************************************
PatientStatusInfo#
| THERM_RISK: 7.63578
| ECG_RISK: 18.0179
| OXIM_RISK: 1.07365
| ABPS_RISK: 66.3751
| ABPD_RISK: 93.2975
| GLC_RISK: 0
| PATIENT_STATE:CRITICAL RISK
MilliSeconds Since Epoch: 1733104343648
*****************************************
General risk status: 63.4169%
++++++++++++++++++++
Trm: 37.3749
Ecg: 96.4054
Oxi: 81.5606
Abps: 141.765
Abpd: 258.602
Glc: 0
++++++++++++++++++++
Term: low risk
Ecg: low risk
Oxi: low risk
Abps: high risk
Abpd: high risk
Glc: unknown
Patient_Status: 63.416941

*****************************************
PatientStatusInfo#
| THERM_RISK: 7.63578
| ECG_RISK: 18.0179
| OXIM_RISK: 1.07365
| ABPS_RISK: 66.3751
| ABPD_RISK: 93.2975
| GLC_RISK: 0
| PATIENT_STATE:CRITICAL RISK
MilliSeconds Since Epoch: 1733104343748
*****************************************
General risk status: 63.4169%
++++++++++++++++++++
Trm: 37.3749
Ecg: 96.4054
Oxi: 81.5606
Abps: 141.765
Abpd: 258.602
Glc: 0
++++++++++++++++++++
Term: low risk
Ecg: low risk
Oxi: low risk
Abps: high risk
Abpd: high risk
Glc: unknown
Patient_Status: 63.416941

*****************************************
PatientStatusInfo#
| THERM_RISK: 7.63578
| ECG_RISK: 18.0179
| OXIM_RISK: 1.07365
| ABPS_RISK: 66.3751
| ABPD_RISK: 93.2975
| GLC_RISK: 0
| PATIENT_STATE:CRITICAL RISK
MilliSeconds Since Epoch: 1733104343848
*****************************************
General risk status: 65.0734%
++++++++++++++++++++
Trm: 37.3749
Ecg: 96.4054
Oxi: 81.5606
Abps: 158.994
Abpd: 258.602
Glc: 0
++++++++++++++++++++
Term: low risk
Ecg: low risk
Oxi: low risk
Abps: high risk
Abpd: high risk
Glc: unknown
Patient_Status: 65.073437

*****************************************
PatientStatusInfo#
| THERM_RISK: 7.63578
| ECG_RISK: 18.0179
| OXIM_RISK: 1.07365
| ABPS_RISK: 70.0363
| ABPD_RISK: 93.2975
| GLC_RISK: 0
| PATIENT_STATE:CRITICAL RISK
MilliSeconds Since Epoch: 1733104343948
*****************************************
General risk status: 65.0734%
++++++++++++++++++++
Trm: 37.3749
Ecg: 96.4054
Oxi: 81.5606
Abps: 158.994
Abpd: 258.602
Glc: 0
++++++++++++++++++++
Term: low risk
Ecg: low risk
Oxi: low risk
Abps: high risk
Abpd: high risk
Glc: unknown
Patient_Status: 65.073437

*****************************************
PatientStatusInfo#
| THERM_RISK: 7.63578
| ECG_RISK: 18.0179
| OXIM_RISK: 1.07365
| ABPS_RISK: 70.0363
| ABPD_RISK: 93.2975
| GLC_RISK: 0
| PATIENT_STATE:CRITICAL RISK
MilliSeconds Since Epoch: 1733104344048
*****************************************
General risk status: 65.0734%
++++++++++++++++++++
Trm: 37.3749
Ecg: 96.4054
Oxi: 81.5606
Abps: 158.994
Abpd: 258.602
Glc: 0
++++++++++++++++++++
Term: low risk
Ecg: low risk
Oxi: low risk
Abps: high risk
Abpd: high risk
Glc: unknown
Patient_Status: 65.073437

*****************************************
PatientStatusInfo#
| THERM_RISK: 7.63578
| ECG_RISK: 18.0179
| OXIM_RISK: 1.07365
| ABPS_RISK: 70.0363
| ABPD_RISK: 93.2975
| GLC_RISK: 0
| PATIENT_STATE:CRITICAL RISK
MilliSeconds Since Epoch: 1733104344149
*****************************************
General risk status: 53.7223%
++++++++++++++++++++
Trm: 37.3749
Ecg: 94.47
Oxi: 95.6497
Abps: 158.994
Abpd: 153.376
Glc: 0
++++++++++++++++++++
Term: low risk
Ecg: low risk
Oxi: low risk
Abps: high risk
Abpd: high risk
Glc: unknown
Patient_Status: 53.722274

*****************************************
PatientStatusInfo#
| THERM_RISK: 7.63578
| ECG_RISK: 11.5667
| OXIM_RISK: 15.0282
| ABPS_RISK: 70.0363
| ABPD_RISK: 76.2609
| GLC_RISK: 0
| PATIENT_STATE:MODERATE RISK
MilliSeconds Since Epoch: 1733104344249
*****************************************
General risk status: 53.7223%
++++++++++++++++++++
Trm: 37.3749
Ecg: 94.47
Oxi: 95.6497
Abps: 158.994
Abpd: 153.376
Glc: 0
++++++++++++++++++++
Term: low risk
Ecg: low risk
Oxi: low risk
Abps: high risk
Abpd: high risk
Glc: unknown
Patient_Status: 53.722274

*****************************************
PatientStatusInfo#
| THERM_RISK: 7.63578
| ECG_RISK: 11.5667
| OXIM_RISK: 15.0282
| ABPS_RISK: 70.0363
| ABPD_RISK: 76.2609
| GLC_RISK: 0
| PATIENT_STATE:MODERATE RISK
MilliSeconds Since Epoch: 1733104344349
*****************************************
General risk status: 53.7223%
++++++++++++++++++++
Trm: 37.3749
Ecg: 94.47
Oxi: 95.6497
Abps: 158.994
Abpd: 153.376
Glc: 0
++++++++++++++++++++
Term: low risk
Ecg: low risk
Oxi: low risk
Abps: high risk
Abpd: high risk
Glc: unknown
Patient_Status: 53.722274

*****************************************
PatientStatusInfo#
| THERM_RISK: 7.63578
| ECG_RISK: 11.5667
| OXIM_RISK: 15.0282
| ABPS_RISK: 70.0363
| ABPD_RISK: 76.2609
| GLC_RISK: 0
| PATIENT_STATE:MODERATE RISK
MilliSeconds Since Epoch: 1733104344449
*****************************************
General risk status: 53.7223%
++++++++++++++++++++
Trm: 37.3749
Ecg: 94.47
Oxi: 95.6497
Abps: 158.994
Abpd: 153.376
Glc: 0
++++++++++++++++++++
Term: low risk
Ecg: low risk
Oxi: low risk
Abps: high risk
Abpd: high risk
Glc: unknown
Patient_Status: 53.722274

*****************************************
PatientStatusInfo#
| THERM_RISK: 7.63578
| ECG_RISK: 11.5667
| OXIM_RISK: 15.0282
| ABPS_RISK: 70.0363
| ABPD_RISK: 76.2609
| GLC_RISK: 0
| PATIENT_STATE:MODERATE RISK
MilliSeconds Since Epoch: 1733104344549
*****************************************
General risk status: 53.7223%
++++++++++++++++++++
Trm: 37.3749
Ecg: 94.47
Oxi: 95.6497
Abps: 158.994
Abpd: 153.376
Glc: 0
++++++++++++++++++++
Term: low risk
Ecg: low risk
Oxi: low risk
Abps: high risk
Abpd: high risk
Glc: unknown
Patient_Status: 53.722274

*****************************************
PatientStatusInfo#
| THERM_RISK: 7.63578
| ECG_RISK: 11.5667
| OXIM_RISK: 15.0282
| ABPS_RISK: 70.0363
| ABPD_RISK: 76.2609
| GLC_RISK: 0
| PATIENT_STATE:MODERATE RISK
MilliSeconds Since Epoch: 1733104344649
*****************************************
General risk status: 53.7223%
++++++++++++++++++++
Trm: 37.3749
Ecg: 94.47
Oxi: 95.6497
Abps: 158.994
Abpd: 153.376
Glc: 0
++++++++++++++++++++
Term: low risk
Ecg: low risk
Oxi: low risk
Abps: high risk
Abpd: high risk
Glc: unknown
Patient_Status: 53.722274

*****************************************
PatientStatusInfo#
| THERM_RISK: 7.63578
| ECG_RISK: 11.5667
| OXIM_RISK: 15.0282
| ABPS_RISK: 70.0363
| ABPD_RISK: 76.2609
| GLC_RISK: 0
| PATIENT_STATE:MODERATE RISK
MilliSeconds Since Epoch: 1733104344749
*****************************************
General risk status: 53.7223%
++++++++++++++++++++
Trm: 37.3749
Ecg: 94.47
Oxi: 95.6497
Abps: 158.994
Abpd: 153.376
Glc: 0
++++++++++++++++++++
Term: low risk
Ecg: low risk
Oxi: low risk
Abps: high risk
Abpd: high risk
Glc: unknown
Patient_Status: 53.722274

*****************************************
PatientStatusInfo#
| THERM_RISK: 7.63578
| ECG_RISK: 11.5667
| OXIM_RISK: 15.0282
| ABPS_RISK: 70.0363
| ABPD_RISK: 76.2609
| GLC_RISK: 0
| PATIENT_STATE:MODERATE RISK
MilliSeconds Since Epoch: 1733104344849
*****************************************
General risk status: 61.5457%
++++++++++++++++++++
Trm: 37.3749
Ecg: 94.47
Oxi: 95.6497
Abps: 243.362
Abpd: 153.376
Glc: 0
++++++++++++++++++++
Term: low risk
Ecg: low risk
Oxi: low risk
Abps: high risk
Abpd: high risk
Glc: unknown
Patient_Status: 61.545703

*****************************************
PatientStatusInfo#
| THERM_RISK: 7.63578
| ECG_RISK: 11.5667
| OXIM_RISK: 15.0282
| ABPS_RISK: 87.9645
| ABPD_RISK: 76.2609
| GLC_RISK: 0
| PATIENT_STATE:CRITICAL RISK
MilliSeconds Since Epoch: 1733104344949
*****************************************
General risk status: 61.5457%
++++++++++++++++++++
Trm: 37.3749
Ecg: 94.47
Oxi: 95.6497
Abps: 243.362
Abpd: 153.376
Glc: 0
++++++++++++++++++++
Term: low risk
Ecg: low risk
Oxi: low risk
Abps: high risk
Abpd: high risk
Glc: unknown
Patient_Status: 61.545703

*****************************************
PatientStatusInfo#
| THERM_RISK: 7.63578
| ECG_RISK: 11.5667
| OXIM_RISK: 15.0282
| ABPS_RISK: 87.9645
| ABPD_RISK: 76.2609
| GLC_RISK: 0
| PATIENT_STATE:CRITICAL RISK
MilliSeconds Since Epoch: 1733104345049
*****************************************
General risk status: 61.5457%
++++++++++++++++++++
Trm: 37.3749
Ecg: 94.47
Oxi: 95.6497
Abps: 243.362
Abpd: 153.376
Glc: 0
++++++++++++++++++++
Term: low risk
Ecg: low risk
Oxi: low risk
Abps: high risk
Abpd: high risk
Glc: unknown
Patient_Status: 61.545703

*****************************************
PatientStatusInfo#
| THERM_RISK: 7.63578
| ECG_RISK: 11.5667
| OXIM_RISK: 15.0282
| ABPS_RISK: 87.9645
| ABPD_RISK: 76.2609
| GLC_RISK: 0
| PATIENT_STATE:CRITICAL RISK
MilliSeconds Since Epoch: 1733104345149
*****************************************
General risk status: 56.6538%
++++++++++++++++++++
Trm: 37.3749
Ecg: 98.3198
Oxi: 74.8057
Abps: 243.362
Abpd: 92.0045
Glc: 0
++++++++++++++++++++
Term: low risk
Ecg: moderate risk
Oxi: low risk
Abps: high risk
Abpd: high risk
Glc: unknown
Patient_Status: 56.653790

*****************************************
PatientStatusInfo#
| THERM_RISK: 7.63578
| ECG_RISK: 24.2262
| OXIM_RISK: 8.79345
| ABPS_RISK: 87.9645
| ABPD_RISK: 66.3245
| GLC_RISK: 0
| PATIENT_STATE:MODERATE RISK
MilliSeconds Since Epoch: 1733104345249
*****************************************
General risk status: 56.6538%
++++++++++++++++++++
Trm: 37.3749
Ecg: 98.3198
Oxi: 74.8057
Abps: 243.362
Abpd: 92.0045
Glc: 0
++++++++++++++++++++
Term: low risk
Ecg: moderate risk
Oxi: low risk
Abps: high risk
Abpd: high risk
Glc: unknown
Patient_Status: 56.653790

*****************************************
PatientStatusInfo#
| THERM_RISK: 7.63578
| ECG_RISK: 24.2262
| OXIM_RISK: 8.79345
| ABPS_RISK: 87.9645
| ABPD_RISK: 66.3245
| GLC_RISK: 0
| PATIENT_STATE:MODERATE RISK
MilliSeconds Since Epoch: 1733104345350
*****************************************
General risk status: 56.6538%
++++++++++++++++++++
Trm: 37.3749
Ecg: 98.3198
Oxi: 74.8057
Abps: 243.362
Abpd: 92.0045
Glc: 0
++++++++++++++++++++
Term: low risk
Ecg: moderate risk
Oxi: low risk
Abps: high risk
Abpd: high risk
Glc: unknown
Patient_Status: 56.653790

*****************************************
PatientStatusInfo#
| THERM_RISK: 7.63578
| ECG_RISK: 24.2262
| OXIM_RISK: 8.79345
| ABPS_RISK: 87.9645
| ABPD_RISK: 66.3245
| GLC_RISK: 0
| PATIENT_STATE:MODERATE RISK
MilliSeconds Since Epoch: 1733104345450
*****************************************
General risk status: 56.6538%
++++++++++++++++++++
Trm: 37.3749
Ecg: 98.3198
Oxi: 74.8057
Abps: 243.362
Abpd: 92.0045
Glc: 0
++++++++++++++++++++
Term: low risk
Ecg: moderate risk
Oxi: low risk
Abps: high risk
Abpd: high risk
Glc: unknown
Patient_Status: 56.653790

*****************************************
PatientStatusInfo#
| THERM_RISK: 7.63578
| ECG_RISK: 24.2262
| OXIM_RISK: 8.79345
| ABPS_RISK: 87.9645
| ABPD_RISK: 66.3245
| GLC_RISK: 0
| PATIENT_STATE:MODERATE RISK
MilliSeconds Since Epoch: 1733104345550
*****************************************
General risk status: 56.6538%
++++++++++++++++++++
Trm: 37.3749
Ecg: 98.3198
Oxi: 74.8057
Abps: 243.362
Abpd: 92.0045
Glc: 0
++++++++++++++++++++
Term: low risk
Ecg: moderate risk
Oxi: low risk
Abps: high risk
Abpd: high risk
Glc: unknown
Patient_Status: 56.653790

*****************************************
PatientStatusInfo#
| THERM_RISK: 7.63578
| ECG_RISK: 24.2262
| OXIM_RISK: 8.79345
| ABPS_RISK: 87.9645
| ABPD_RISK: 66.3245
| GLC_RISK: 0
| PATIENT_STATE:MODERATE RISK
MilliSeconds Since Epoch: 1733104345650
*****************************************
General risk status: 56.6538%
++++++++++++++++++++
Trm: 37.3749
Ecg: 98.3198
Oxi: 74.8057
Abps: 243.362
Abpd: 92.0045
Glc: 0
++++++++++++++++++++
Term: low risk
Ecg: moderate risk
Oxi: low risk
Abps: high risk
Abpd: high risk
Glc: unknown
Patient_Status: 56.653790

*****************************************
PatientStatusInfo#
| THERM_RISK: 7.63578
| ECG_RISK: 24.2262
| OXIM_RISK: 8.79345
| ABPS_RISK: 87.9645
| ABPD_RISK: 66.3245
| GLC_RISK: 0
| PATIENT_STATE:MODERATE RISK
MilliSeconds Since Epoch: 1733104345750
*****************************************
General risk status: 56.6538%
++++++++++++++++++++
Trm: 37.3749
Ecg: 98.3198
Oxi: 74.8057
Abps: 243.362
Abpd: 92.0045
Glc: 0
++++++++++++++++++++
Term: low risk
Ecg: moderate risk
Oxi: low risk
Abps: high risk
Abpd: high risk
Glc: unknown
Patient_Status: 56.653790

*****************************************
PatientStatusInfo#
| THERM_RISK: 7.63578
| ECG_RISK: 24.2262
| OXIM_RISK: 8.79345
| ABPS_RISK: 87.9645
| ABPD_RISK: 66.3245
| GLC_RISK: 0
| PATIENT_STATE:MODERATE RISK
MilliSeconds Since Epoch: 1733104345850
*****************************************
General risk status: 60.0397%
++++++++++++++++++++
Trm: 37.3749
Ecg: 98.3198
Oxi: 74.8057
Abps: 281.549
Abpd: 92.0045
Glc: 0
++++++++++++++++++++
Term: low risk
Ecg: moderate risk
Oxi: low risk
Abps: high risk
Abpd: high risk
Glc: unknown
Patient_Status: 60.039733

*****************************************
PatientStatusInfo#
| THERM_RISK: 7.63578
| ECG_RISK: 24.2262
| OXIM_RISK: 8.79345
| ABPS_RISK: 96.0791
| ABPD_RISK: 66.3245
| GLC_RISK: 0
| PATIENT_STATE:CRITICAL RISK
MilliSeconds Since Epoch: 1733104345950
*****************************************
General risk status: 60.0397%
++++++++++++++++++++
Trm: 37.3749
Ecg: 98.3198
Oxi: 74.8057
Abps: 281.549
Abpd: 92.0045
Glc: 0
++++++++++++++++++++
Term: low risk
Ecg: moderate risk
Oxi: low risk
Abps: high risk
Abpd: high risk
Glc: unknown
Patient_Status: 60.039733

*****************************************
PatientStatusInfo#
| THERM_RISK: 7.63578
| ECG_RISK: 24.2262
| OXIM_RISK: 8.79345
| ABPS_RISK: 96.0791
| ABPD_RISK: 66.3245
| GLC_RISK: 0
| PATIENT_STATE:CRITICAL RISK
MilliSeconds Since Epoch: 1733104346050
*****************************************
General risk status: 60.0397%
++++++++++++++++++++
Trm: 37.3749
Ecg: 98.3198
Oxi: 74.8057
Abps: 281.549
Abpd: 92.0045
Glc: 0
++++++++++++++++++++
Term: low risk
Ecg: moderate risk
Oxi: low risk
Abps: high risk
Abpd: high risk
Glc: unknown
Patient_Status: 60.039733

*****************************************
PatientStatusInfo#
| THERM_RISK: 7.63578
| ECG_RISK: 24.2262
| OXIM_RISK: 8.79345
| ABPS_RISK: 96.0791
| ABPD_RISK: 66.3245
| GLC_RISK: 0
| PATIENT_STATE:CRITICAL RISK
MilliSeconds Since Epoch: 1733104346150
*****************************************
============ EMERGENCY ============(67.0569%)
++++++++++++++++++++
Trm: 37.3749
Ecg: 87.9665
Oxi: 86.6714
Abps: 281.549
Abpd: 114.618
Glc: 0
++++++++++++++++++++
Term: low risk
Ecg: low risk
Oxi: low risk
Abps: high risk
Abpd: high risk
Glc: unknown
Patient_Status: 67.056885

*****************************************
PatientStatusInfo#
| THERM_RISK: 7.63578
| ECG_RISK: 10.1116
| OXIM_RISK: 4.76731
| ABPS_RISK: 96.0791
| ABPD_RISK: 69.9857
| GLC_RISK: 0
| PATIENT_STATE:CRITICAL RISK
MilliSeconds Since Epoch: 1733104346250
*****************************************
============ EMERGENCY ============(67.0569%)
++++++++++++++++++++
Trm: 37.3749
Ecg: 87.9665
Oxi: 86.6714
Abps: 281.549
Abpd: 114.618
Glc: 0
++++++++++++++++++++
Term: low risk
Ecg: low risk
Oxi: low risk
Abps: high risk
Abpd: high risk
Glc: unknown
Patient_Status: 67.056885

*****************************************
PatientStatusInfo#
| THERM_RISK: 7.63578
| ECG_RISK: 10.1116
| OXIM_RISK: 4.76731
| ABPS_RISK: 96.0791
| ABPD_RISK: 69.9857
| GLC_RISK: 0
| PATIENT_STATE:CRITICAL RISK
MilliSeconds Since Epoch: 1733104346351
*****************************************
============ EMERGENCY ============(67.0569%)
++++++++++++++++++++
Trm: 37.3749
Ecg: 87.9665
Oxi: 86.6714
Abps: 281.549
Abpd: 114.618
Glc: 0
++++++++++++++++++++
Term: low risk
Ecg: low risk
Oxi: low risk
Abps: high risk
Abpd: high risk
Glc: unknown
Patient_Status: 67.056885

*****************************************
PatientStatusInfo#
| THERM_RISK: 7.63578
| ECG_RISK: 10.1116
| OXIM_RISK: 4.76731
| ABPS_RISK: 96.0791
| ABPD_RISK: 69.9857
| GLC_RISK: 0
| PATIENT_STATE:CRITICAL RISK
MilliSeconds Since Epoch: 1733104346451
*****************************************
============ EMERGENCY ============(67.0569%)
++++++++++++++++++++
Trm: 37.3749
Ecg: 87.9665
Oxi: 86.6714
Abps: 281.549
Abpd: 114.618
Glc: 0
++++++++++++++++++++
Term: low risk
Ecg: low risk
Oxi: low risk
Abps: high risk
Abpd: high risk
Glc: unknown
Patient_Status: 67.056885

*****************************************
PatientStatusInfo#
| THERM_RISK: 7.63578
| ECG_RISK: 10.1116
| OXIM_RISK: 4.76731
| ABPS_RISK: 96.0791
| ABPD_RISK: 69.9857
| GLC_RISK: 0
| PATIENT_STATE:CRITICAL RISK
MilliSeconds Since Epoch: 1733104346551
*****************************************
============ EMERGENCY ============(67.0569%)
++++++++++++++++++++
Trm: 37.3749
Ecg: 87.9665
Oxi: 86.6714
Abps: 281.549
Abpd: 114.618
Glc: 0
++++++++++++++++++++
Term: low risk
Ecg: low risk
Oxi: low risk
Abps: high risk
Abpd: high risk
Glc: unknown
Patient_Status: 67.056885

*****************************************
PatientStatusInfo#
| THERM_RISK: 7.63578
| ECG_RISK: 10.1116
| OXIM_RISK: 4.76731
| ABPS_RISK: 96.0791
| ABPD_RISK: 69.9857
| GLC_RISK: 0
| PATIENT_STATE:CRITICAL RISK
MilliSeconds Since Epoch: 1733104346651
*****************************************
============ EMERGENCY ============(67.0569%)
++++++++++++++++++++
Trm: 37.3749
Ecg: 87.9665
Oxi: 86.6714
Abps: 281.549
Abpd: 114.618
Glc: 0
++++++++++++++++++++
Term: low risk
Ecg: low risk
Oxi: low risk
Abps: high risk
Abpd: high risk
Glc: unknown
Patient_Status: 67.056885

*****************************************
PatientStatusInfo#
| THERM_RISK: 7.63578
| ECG_RISK: 10.1116
| OXIM_RISK: 4.76731
| ABPS_RISK: 96.0791
| ABPD_RISK: 69.9857
| GLC_RISK: 0
| PATIENT_STATE:CRITICAL RISK
MilliSeconds Since Epoch: 1733104346751
*****************************************
============ EMERGENCY ============(67.0569%)
++++++++++++++++++++
Trm: 37.3749
Ecg: 87.9665
Oxi: 86.6714
Abps: 281.549
Abpd: 114.618
Glc: 0
++++++++++++++++++++
Term: low risk
Ecg: low risk
Oxi: low risk
Abps: high risk
Abpd: high risk
Glc: unknown
Patient_Status: 67.056885

*****************************************
PatientStatusInfo#
| THERM_RISK: 7.63578
| ECG_RISK: 10.1116
| OXIM_RISK: 4.76731
| ABPS_RISK: 96.0791
| ABPD_RISK: 69.9857
| GLC_RISK: 0
| PATIENT_STATE:CRITICAL RISK
MilliSeconds Since Epoch: 1733104346851
*****************************************
General risk status: 61.1059%
++++++++++++++++++++
Trm: 37.3749
Ecg: 87.9665
Oxi: 86.6714
Abps: 221.586
Abpd: 114.618
Glc: 0
++++++++++++++++++++
Term: low risk
Ecg: low risk
Oxi: low risk
Abps: high risk
Abpd: high risk
Glc: unknown
Patient_Status: 61.105903

*****************************************
PatientStatusInfo#
| THERM_RISK: 7.63578
| ECG_RISK: 10.1116
| OXIM_RISK: 4.76731
| ABPS_RISK: 83.337
| ABPD_RISK: 69.9857
| GLC_RISK: 0
| PATIENT_STATE:CRITICAL RISK
MilliSeconds Since Epoch: 1733104346951
*****************************************
General risk status: 61.1059%
++++++++++++++++++++
Trm: 37.3749
Ecg: 87.9665
Oxi: 86.6714
Abps: 221.586
Abpd: 114.618
Glc: 0
++++++++++++++++++++
Term: low risk
Ecg: low risk
Oxi: low risk
Abps: high risk
Abpd: high risk
Glc: unknown
Patient_Status: 61.105903

*****************************************
PatientStatusInfo#
| THERM_RISK: 7.63578
| ECG_RISK: 10.1116
| OXIM_RISK: 4.76731
| ABPS_RISK: 83.337
| ABPD_RISK: 69.9857
| GLC_RISK: 0
| PATIENT_STATE:CRITICAL RISK
MilliSeconds Since Epoch: 1733104347051
*****************************************
General risk status: 61.1059%
++++++++++++++++++++
Trm: 37.3749
Ecg: 87.9665
Oxi: 86.6714
Abps: 221.586
Abpd: 114.618
Glc: 0
++++++++++++++++++++
Term: low risk
Ecg: low risk
Oxi: low risk
Abps: high risk
Abpd: high risk
Glc: unknown
Patient_Status: 61.105903

*****************************************
PatientStatusInfo#
| THERM_RISK: 7.63578
| ECG_RISK: 10.1116
| OXIM_RISK: 4.76731
| ABPS_RISK: 83.337
| ABPD_RISK: 69.9857
| GLC_RISK: 0
| PATIENT_STATE:CRITICAL RISK
MilliSeconds Since Epoch: 1733104347152
*****************************************
============ EMERGENCY ============(67.7216%)
++++++++++++++++++++
Trm: 37.3749
Ecg: 86.6118
Oxi: 78.3665
Abps: 221.586
Abpd: 225.35
Glc: 0
++++++++++++++++++++
Term: low risk
Ecg: low risk
Oxi: low risk
Abps: high risk
Abpd: high risk
Glc: unknown
Patient_Status: 67.721589

*****************************************
PatientStatusInfo#
| THERM_RISK: 7.63578
| ECG_RISK: 14.6272
| OXIM_RISK: 4.72401
| ABPS_RISK: 83.337
| ABPD_RISK: 87.9139
| GLC_RISK: 0
| PATIENT_STATE:CRITICAL RISK
MilliSeconds Since Epoch: 1733104347252
*****************************************
============ EMERGENCY ============(67.7216%)
++++++++++++++++++++
Trm: 37.3749
Ecg: 86.6118
Oxi: 78.3665
Abps: 221.586
Abpd: 225.35
Glc: 0
++++++++++++++++++++
Term: low risk
Ecg: low risk
Oxi: low risk
Abps: high risk
Abpd: high risk
Glc: unknown
Patient_Status: 67.721589

*****************************************
PatientStatusInfo#
| THERM_RISK: 7.63578
| ECG_RISK: 14.6272
| OXIM_RISK: 4.72401
| ABPS_RISK: 83.337
| ABPD_RISK: 87.9139
| GLC_RISK: 0
| PATIENT_STATE:CRITICAL RISK
MilliSeconds Since Epoch: 1733104347352
*****************************************
============ EMERGENCY ============(67.7216%)
++++++++++++++++++++
Trm: 37.3749
Ecg: 86.6118
Oxi: 78.3665
Abps: 221.586
Abpd: 225.35
Glc: 0
++++++++++++++++++++
Term: low risk
Ecg: low risk
Oxi: low risk
Abps: high risk
Abpd: high risk
Glc: unknown
Patient_Status: 67.721589

*****************************************
PatientStatusInfo#
| THERM_RISK: 7.63578
| ECG_RISK: 14.6272
| OXIM_RISK: 4.72401
| ABPS_RISK: 83.337
| ABPD_RISK: 87.9139
| GLC_RISK: 0
| PATIENT_STATE:CRITICAL RISK
MilliSeconds Since Epoch: 1733104347452
*****************************************
============ EMERGENCY ============(67.7216%)
++++++++++++++++++++
Trm: 37.3749
Ecg: 86.6118
Oxi: 78.3665
Abps: 221.586
Abpd: 225.35
Glc: 0
++++++++++++++++++++
Term: low risk
Ecg: low risk
Oxi: low risk
Abps: high risk
Abpd: high risk
Glc: unknown
Patient_Status: 67.721589

*****************************************
PatientStatusInfo#
| THERM_RISK: 7.63578
| ECG_RISK: 14.6272
| OXIM_RISK: 4.72401
| ABPS_RISK: 83.337
| ABPD_RISK: 87.9139
| GLC_RISK: 0
| PATIENT_STATE:CRITICAL RISK
MilliSeconds Since Epoch: 1733104347552
*****************************************
============ EMERGENCY ============(67.7216%)
++++++++++++++++++++
Trm: 37.3749
Ecg: 86.6118
Oxi: 78.3665
Abps: 221.586
Abpd: 225.35
Glc: 0
++++++++++++++++++++
Term: low risk
Ecg: low risk
Oxi: low risk
Abps: high risk
Abpd: high risk
Glc: unknown
Patient_Status: 67.721589

*****************************************
PatientStatusInfo#
| THERM_RISK: 7.63578
| ECG_RISK: 14.6272
| OXIM_RISK: 4.72401
| ABPS_RISK: 83.337
| ABPD_RISK: 87.9139
| GLC_RISK: 0
| PATIENT_STATE:CRITICAL RISK
MilliSeconds Since Epoch: 1733104347652
*****************************************
============ EMERGENCY ============(67.7216%)
++++++++++++++++++++
Trm: 37.3749
Ecg: 86.6118
Oxi: 78.3665
Abps: 221.586
Abpd: 225.35
Glc: 0
++++++++++++++++++++
Term: low risk
Ecg: low risk
Oxi: low risk
Abps: high risk
Abpd: high risk
Glc: unknown
Patient_Status: 67.721589

*****************************************
PatientStatusInfo#
| THERM_RISK: 7.63578
| ECG_RISK: 14.6272
| OXIM_RISK: 4.72401
| ABPS_RISK: 83.337
| ABPD_RISK: 87.9139
| GLC_RISK: 0
| PATIENT_STATE:CRITICAL RISK
MilliSeconds Since Epoch: 1733104347752
*****************************************
============ EMERGENCY ============(67.7216%)
++++++++++++++++++++
Trm: 37.3749
Ecg: 86.6118
Oxi: 78.3665
Abps: 221.586
Abpd: 225.35
Glc: 0
++++++++++++++++++++
Term: low risk
Ecg: low risk
Oxi: low risk
Abps: high risk
Abpd: high risk
Glc: unknown
Patient_Status: 67.721589

*****************************************
PatientStatusInfo#
| THERM_RISK: 7.63578
| ECG_RISK: 14.6272
| OXIM_RISK: 4.72401
| ABPS_RISK: 83.337
| ABPD_RISK: 87.9139
| GLC_RISK: 0
| PATIENT_STATE:CRITICAL RISK
MilliSeconds Since Epoch: 1733104347852
*****************************************
============ EMERGENCY ============(72.3378%)
++++++++++++++++++++
Trm: 37.3749
Ecg: 86.6118
Oxi: 78.3665
Abps: 268.669
Abpd: 225.35
Glc: 0
++++++++++++++++++++
Term: low risk
Ecg: low risk
Oxi: low risk
Abps: high risk
Abpd: high risk
Glc: unknown
Patient_Status: 72.337776

*****************************************
PatientStatusInfo#
| THERM_RISK: 7.63578
| ECG_RISK: 14.6272
| OXIM_RISK: 4.72401
| ABPS_RISK: 93.3421
| ABPD_RISK: 87.9139
| GLC_RISK: 0
| PATIENT_STATE:CRITICAL RISK
MilliSeconds Since Epoch: 1733104347952
*****************************************
============ EMERGENCY ============(72.3378%)
++++++++++++++++++++
Trm: 37.3749
Ecg: 86.6118
Oxi: 78.3665
Abps: 268.669
Abpd: 225.35
Glc: 0
++++++++++++++++++++
Term: low risk
Ecg: low risk
Oxi: low risk
Abps: high risk
Abpd: high risk
Glc: unknown
Patient_Status: 72.337776

*****************************************
PatientStatusInfo#
| THERM_RISK: 7.63578
| ECG_RISK: 14.6272
| OXIM_RISK: 4.72401
| ABPS_RISK: 93.3421
| ABPD_RISK: 87.9139
| GLC_RISK: 0
| PATIENT_STATE:CRITICAL RISK
MilliSeconds Since Epoch: 1733104348052
*****************************************
============ EMERGENCY ============(72.3378%)
++++++++++++++++++++
Trm: 37.3749
Ecg: 86.6118
Oxi: 78.3665
Abps: 268.669
Abpd: 225.35
Glc: 0
++++++++++++++++++++
Term: low risk
Ecg: low risk
Oxi: low risk
Abps: high risk
Abpd: high risk
Glc: unknown
Patient_Status: 72.337776

*****************************************
PatientStatusInfo#
| THERM_RISK: 7.63578
| ECG_RISK: 14.6272
| OXIM_RISK: 4.72401
| ABPS_RISK: 93.3421
| ABPD_RISK: 87.9139
| GLC_RISK: 0
| PATIENT_STATE:CRITICAL RISK
MilliSeconds Since Epoch: 1733104348153
*****************************************
============ EMERGENCY ============(76.0552%)
++++++++++++++++++++
Trm: 37.3749
Ecg: 94.1556
Oxi: 89.6133
Abps: 268.669
Abpd: 275.47
Glc: 0
++++++++++++++++++++
Term: low risk
Ecg: low risk
Oxi: low risk
Abps: high risk
Abpd: high risk
Glc: unknown
Patient_Status: 76.055203

*****************************************
PatientStatusInfo#
| THERM_RISK: 7.63578
| ECG_RISK: 10.5188
| OXIM_RISK: 8.12946
| ABPS_RISK: 93.3421
| ABPD_RISK: 96.0285
| GLC_RISK: 0
| PATIENT_STATE:CRITICAL RISK
MilliSeconds Since Epoch: 1733104348253
*****************************************
============ EMERGENCY ============(76.0552%)
++++++++++++++++++++
Trm: 37.3749
Ecg: 94.1556
Oxi: 89.6133
Abps: 268.669
Abpd: 275.47
Glc: 0
++++++++++++++++++++
Term: low risk
Ecg: low risk
Oxi: low risk
Abps: high risk
Abpd: high risk
Glc: unknown
Patient_Status: 76.055203

*****************************************
PatientStatusInfo#
| THERM_RISK: 7.63578
| ECG_RISK: 10.5188
| OXIM_RISK: 8.12946
| ABPS_RISK: 93.3421
| ABPD_RISK: 96.0285
| GLC_RISK: 0
| PATIENT_STATE:CRITICAL RISK
MilliSeconds Since Epoch: 1733104348353
*****************************************
============ EMERGENCY ============(76.0552%)
++++++++++++++++++++
Trm: 37.3749
Ecg: 94.1556
Oxi: 89.6133
Abps: 268.669
Abpd: 275.47
Glc: 0
++++++++++++++++++++
Term: low risk
Ecg: low risk
Oxi: low risk
Abps: high risk
Abpd: high risk
Glc: unknown
Patient_Status: 76.055203

*****************************************
PatientStatusInfo#
| THERM_RISK: 7.63578
| ECG_RISK: 10.5188
| OXIM_RISK: 8.12946
| ABPS_RISK: 93.3421
| ABPD_RISK: 96.0285
| GLC_RISK: 0
| PATIENT_STATE:CRITICAL RISK
MilliSeconds Since Epoch: 1733104348453
*****************************************
============ EMERGENCY ============(76.0552%)
++++++++++++++++++++
Trm: 37.3749
Ecg: 94.1556
Oxi: 89.6133
Abps: 268.669
Abpd: 275.47
Glc: 0
++++++++++++++++++++
Term: low risk
Ecg: low risk
Oxi: low risk
Abps: high risk
Abpd: high risk
Glc: unknown
Patient_Status: 76.055203

*****************************************
PatientStatusInfo#
| THERM_RISK: 7.63578
| ECG_RISK: 10.5188
| OXIM_RISK: 8.12946
| ABPS_RISK: 93.3421
| ABPD_RISK: 96.0285
| GLC_RISK: 0
| PATIENT_STATE:CRITICAL RISK
MilliSeconds Since Epoch: 1733104348553
*****************************************
============ EMERGENCY ============(76.0552%)
++++++++++++++++++++
Trm: 37.3749
Ecg: 94.1556
Oxi: 89.6133
Abps: 268.669
Abpd: 275.47
Glc: 0
++++++++++++++++++++
Term: low risk
Ecg: low risk
Oxi: low risk
Abps: high risk
Abpd: high risk
Glc: unknown
Patient_Status: 76.055203

*****************************************
PatientStatusInfo#
| THERM_RISK: 7.63578
| ECG_RISK: 10.5188
| OXIM_RISK: 8.12946
| ABPS_RISK: 93.3421
| ABPD_RISK: 96.0285
| GLC_RISK: 0
| PATIENT_STATE:CRITICAL RISK
MilliSeconds Since Epoch: 1733104348653
*****************************************
============ EMERGENCY ============(76.0552%)
++++++++++++++++++++
Trm: 37.3749
Ecg: 94.1556
Oxi: 89.6133
Abps: 268.669
Abpd: 275.47
Glc: 0
++++++++++++++++++++
Term: low risk
Ecg: low risk
Oxi: low risk
Abps: high risk
Abpd: high risk
Glc: unknown
Patient_Status: 76.055203

*****************************************
PatientStatusInfo#
| THERM_RISK: 7.63578
| ECG_RISK: 10.5188
| OXIM_RISK: 8.12946
| ABPS_RISK: 93.3421
| ABPD_RISK: 96.0285
| GLC_RISK: 0
| PATIENT_STATE:CRITICAL RISK
MilliSeconds Since Epoch: 1733104348753
*****************************************
============ EMERGENCY ============(76.0552%)
++++++++++++++++++++
Trm: 37.3749
Ecg: 94.1556
Oxi: 89.6133
Abps: 268.669
Abpd: 275.47
Glc: 0
++++++++++++++++++++
Term: low risk
Ecg: low risk
Oxi: low risk
Abps: high risk
Abpd: high risk
Glc: unknown
Patient_Status: 76.055203

*****************************************
PatientStatusInfo#
| THERM_RISK: 7.63578
| ECG_RISK: 10.5188
| OXIM_RISK: 8.12946
| ABPS_RISK: 93.3421
| ABPD_RISK: 96.0285
| GLC_RISK: 0
| PATIENT_STATE:CRITICAL RISK
MilliSeconds Since Epoch: 1733104348853
*****************************************
============ EMERGENCY ============(69.1328%)
++++++++++++++++++++
Trm: 37.3749
Ecg: 94.1556
Oxi: 89.6133
Abps: 198.807
Abpd: 275.47
Glc: 0
++++++++++++++++++++
Term: low risk
Ecg: low risk
Oxi: low risk
Abps: high risk
Abpd: high risk
Glc: unknown
Patient_Status: 69.132767

*****************************************
PatientStatusInfo#
| THERM_RISK: 7.63578
| ECG_RISK: 10.5188
| OXIM_RISK: 8.12946
| ABPS_RISK: 78.4965
| ABPD_RISK: 96.0285
| GLC_RISK: 0
| PATIENT_STATE:CRITICAL RISK
MilliSeconds Since Epoch: 1733104348953
*****************************************
============ EMERGENCY ============(69.1328%)
++++++++++++++++++++
Trm: 37.3749
Ecg: 94.1556
Oxi: 89.6133
Abps: 198.807
Abpd: 275.47
Glc: 0
++++++++++++++++++++
Term: low risk
Ecg: low risk
Oxi: low risk
Abps: high risk
Abpd: high risk
Glc: unknown
Patient_Status: 69.132767

*****************************************
PatientStatusInfo#
| THERM_RISK: 7.63578
| ECG_RISK: 10.5188
| OXIM_RISK: 8.12946
| ABPS_RISK: 78.4965
| ABPD_RISK: 96.0285
| GLC_RISK: 0
| PATIENT_STATE:CRITICAL RISK
MilliSeconds Since Epoch: 1733104349053
*****************************************
============ EMERGENCY ============(69.1328%)
++++++++++++++++++++
Trm: 37.3749
Ecg: 94.1556
Oxi: 89.6133
Abps: 198.807
Abpd: 275.47
Glc: 0
++++++++++++++++++++
Term: low risk
Ecg: low risk
Oxi: low risk
Abps: high risk
Abpd: high risk
Glc: unknown
Patient_Status: 69.132767

*****************************************
PatientStatusInfo#
| THERM_RISK: 7.63578
| ECG_RISK: 10.5188
| OXIM_RISK: 8.12946
| ABPS_RISK: 78.4965
| ABPD_RISK: 96.0285
| GLC_RISK: 0
| PATIENT_STATE:CRITICAL RISK
MilliSeconds Since Epoch: 1733104349153
*****************************************
============ EMERGENCY ============(69.6615%)
++++++++++++++++++++
Trm: 37.3749
Ecg: 92.6842
Oxi: 83.4602
Abps: 198.807
Abpd: 196.769
Glc: 0
++++++++++++++++++++
Term: low risk
Ecg: low risk
Oxi: low risk
Abps: high risk
Abpd: high risk
Glc: unknown
Patient_Status: 69.661470

*****************************************
PatientStatusInfo#
| THERM_RISK: 7.63578
| ECG_RISK: 5.6139
| OXIM_RISK: 1.09736
| ABPS_RISK: 78.4965
| ABPD_RISK: 83.2864
| GLC_RISK: 0
| PATIENT_STATE:CRITICAL RISK
MilliSeconds Since Epoch: 1733104349253
*****************************************
============ EMERGENCY ============(69.6615%)
++++++++++++++++++++
Trm: 37.3749
Ecg: 92.6842
Oxi: 83.4602
Abps: 198.807
Abpd: 196.769
Glc: 0
++++++++++++++++++++
Term: low risk
Ecg: low risk
Oxi: low risk
Abps: high risk
Abpd: high risk
Glc: unknown
Patient_Status: 69.661470

*****************************************
PatientStatusInfo#
| THERM_RISK: 7.63578
| ECG_RISK: 5.6139
| OXIM_RISK: 1.09736
| ABPS_RISK: 78.4965
| ABPD_RISK: 83.2864
| GLC_RISK: 0
| PATIENT_STATE:CRITICAL RISK
MilliSeconds Since Epoch: 1733104349354
*****************************************
============ EMERGENCY ============(69.6615%)
++++++++++++++++++++
Trm: 37.3749
Ecg: 92.6842
Oxi: 83.4602
Abps: 198.807
Abpd: 196.769
Glc: 0
++++++++++++++++++++
Term: low risk
Ecg: low risk
Oxi: low risk
Abps: high risk
Abpd: high risk
Glc: unknown
Patient_Status: 69.661470

*****************************************
PatientStatusInfo#
| THERM_RISK: 7.63578
| ECG_RISK: 5.6139
| OXIM_RISK: 1.09736
| ABPS_RISK: 78.4965
| ABPD_RISK: 83.2864
| GLC_RISK: 0
| PATIENT_STATE:CRITICAL RISK
MilliSeconds Since Epoch: 1733104349454
*****************************************
============ EMERGENCY ============(69.6615%)
++++++++++++++++++++
Trm: 37.3749
Ecg: 92.6842
Oxi: 83.4602
Abps: 198.807
Abpd: 196.769
Glc: 0
++++++++++++++++++++
Term: low risk
Ecg: low risk
Oxi: low risk
Abps: high risk
Abpd: high risk
Glc: unknown
Patient_Status: 69.661470

*****************************************
PatientStatusInfo#
| THERM_RISK: 7.63578
| ECG_RISK: 5.6139
| OXIM_RISK: 1.09736
| ABPS_RISK: 78.4965
| ABPD_RISK: 83.2864
| GLC_RISK: 0
| PATIENT_STATE:CRITICAL RISK
MilliSeconds Since Epoch: 1733104349554
*****************************************
============ EMERGENCY ============(69.6615%)
++++++++++++++++++++
Trm: 37.3749
Ecg: 92.6842
Oxi: 83.4602
Abps: 198.807
Abpd: 196.769
Glc: 0
++++++++++++++++++++
Term: low risk
Ecg: low risk
Oxi: low risk
Abps: high risk
Abpd: high risk
Glc: unknown
Patient_Status: 69.661470

*****************************************
PatientStatusInfo#
| THERM_RISK: 7.63578
| ECG_RISK: 5.6139
| OXIM_RISK: 1.09736
| ABPS_RISK: 78.4965
| ABPD_RISK: 83.2864
| GLC_RISK: 0
| PATIENT_STATE:CRITICAL RISK
MilliSeconds Since Epoch: 1733104349654
*****************************************
============ EMERGENCY ============(69.6615%)
++++++++++++++++++++
Trm: 37.3749
Ecg: 92.6842
Oxi: 83.4602
Abps: 198.807
Abpd: 196.769
Glc: 0
++++++++++++++++++++
Term: low risk
Ecg: low risk
Oxi: low risk
Abps: high risk
Abpd: high risk
Glc: unknown
Patient_Status: 69.661470

*****************************************
PatientStatusInfo#
| THERM_RISK: 7.63578
| ECG_RISK: 5.6139
| OXIM_RISK: 1.09736
| ABPS_RISK: 78.4965
| ABPD_RISK: 83.2864
| GLC_RISK: 0
| PATIENT_STATE:CRITICAL RISK
MilliSeconds Since Epoch: 1733104349754
*****************************************
============ EMERGENCY ============(69.6615%)
++++++++++++++++++++
Trm: 37.3749
Ecg: 92.6842
Oxi: 83.4602
Abps: 198.807
Abpd: 196.769
Glc: 0
++++++++++++++++++++
Term: low risk
Ecg: low risk
Oxi: low risk
Abps: high risk
Abpd: high risk
Glc: unknown
Patient_Status: 69.661470

*****************************************
PatientStatusInfo#
| THERM_RISK: 7.63578
| ECG_RISK: 5.6139
| OXIM_RISK: 1.09736
| ABPS_RISK: 78.4965
| ABPD_RISK: 83.2864
| GLC_RISK: 0
| PATIENT_STATE:CRITICAL RISK
MilliSeconds Since Epoch: 1733104349854
*****************************************
/g4t1
/g4t1
