/g4t1
[0m[ INFO] [1733104063.524802090]: Module initial frequency: 1.000000[0m
/g4t1
[0m[ INFO] [1733104064.318518064]: Succesfully connected to effector.[0m
General risk status: 51.4656%
++++++++++++++++++++
Trm: 37.1462
Ecg: 88.4729
Oxi: 65.907
Abps: 155.391
Abpd: 94.7585
Glc: 0
++++++++++++++++++++
Term: low risk
Ecg: low risk
Oxi: low risk
Abps: high risk
Abpd: high risk
Glc: unknown
Patient_Status: 51.465586

*****************************************
PatientStatusInfo#
| THERM_RISK: 3.03874
| ECG_RISK: 8.42364
| OXIM_RISK: 18.9634
| ABPS_RISK: 69.2707
| ABPD_RISK: 66.7704
| GLC_RISK: 0
| PATIENT_STATE:MODERATE RISK
MilliSeconds Since Epoch: 1733104086441
*****************************************
General risk status: 51.4656%
++++++++++++++++++++
Trm: 37.1462
Ecg: 88.4729
Oxi: 65.907
Abps: 155.391
Abpd: 94.7585
Glc: 0
++++++++++++++++++++
Term: low risk
Ecg: low risk
Oxi: low risk
Abps: high risk
Abpd: high risk
Glc: unknown
Patient_Status: 51.465586

*****************************************
PatientStatusInfo#
| THERM_RISK: 3.03874
| ECG_RISK: 8.42364
| OXIM_RISK: 18.9634
| ABPS_RISK: 69.2707
| ABPD_RISK: 66.7704
| GLC_RISK: 0
| PATIENT_STATE:MODERATE RISK
MilliSeconds Since Epoch: 1733104086542
*****************************************
General risk status: 51.4656%
++++++++++++++++++++
Trm: 37.1462
Ecg: 88.4729
Oxi: 65.907
Abps: 155.391
Abpd: 94.7585
Glc: 0
++++++++++++++++++++
Term: low risk
Ecg: low risk
Oxi: low risk
Abps: high risk
Abpd: high risk
Glc: unknown
Patient_Status: 51.465586

*****************************************
PatientStatusInfo#
| THERM_RISK: 3.03874
| ECG_RISK: 8.42364
| OXIM_RISK: 18.9634
| ABPS_RISK: 69.2707
| ABPD_RISK: 66.7704
| GLC_RISK: 0
| PATIENT_STATE:MODERATE RISK
MilliSeconds Since Epoch: 1733104086642
*****************************************
General risk status: 51.4656%
++++++++++++++++++++
Trm: 37.1462
Ecg: 88.4729
Oxi: 65.907
Abps: 155.391
Abpd: 94.7585
Glc: 0
++++++++++++++++++++
Term: low risk
Ecg: low risk
Oxi: low risk
Abps: high risk
Abpd: high risk
Glc: unknown
Patient_Status: 51.465586

*****************************************
PatientStatusInfo#
| THERM_RISK: 3.03874
| ECG_RISK: 8.42364
| OXIM_RISK: 18.9634
| ABPS_RISK: 69.2707
| ABPD_RISK: 66.7704
| GLC_RISK: 0
| PATIENT_STATE:MODERATE RISK
MilliSeconds Since Epoch: 1733104086742
*****************************************
General risk status: 49.2152%
++++++++++++++++++++
Trm: 37.1462
Ecg: 81.9144
Oxi: 66.6799
Abps: 155.391
Abpd: 94.7585
Glc: 0
++++++++++++++++++++
Term: low risk
Ecg: moderate risk
Oxi: low risk
Abps: high risk
Abpd: high risk
Glc: unknown
Patient_Status: 49.215233

*****************************************
PatientStatusInfo#
| THERM_RISK: 3.03874
| ECG_RISK: 30.051
| OXIM_RISK: 18.0801
| ABPS_RISK: 69.2707
| ABPD_RISK: 66.7704
| GLC_RISK: 0
| PATIENT_STATE:MODERATE RISK
MilliSeconds Since Epoch: 1733104086842
*****************************************
General risk status: 49.2152%
++++++++++++++++++++
Trm: 37.1462
Ecg: 81.9144
Oxi: 66.6799
Abps: 155.391
Abpd: 94.7585
Glc: 0
++++++++++++++++++++
Term: low risk
Ecg: moderate risk
Oxi: low risk
Abps: high risk
Abpd: high risk
Glc: unknown
Patient_Status: 49.215233

*****************************************
PatientStatusInfo#
| THERM_RISK: 3.03874
| ECG_RISK: 30.051
| OXIM_RISK: 18.0801
| ABPS_RISK: 69.2707
| ABPD_RISK: 66.7704
| GLC_RISK: 0
| PATIENT_STATE:MODERATE RISK
MilliSeconds Since Epoch: 1733104086942
*****************************************
General risk status: 49.2152%
++++++++++++++++++++
Trm: 37.1462
Ecg: 81.9144
Oxi: 66.6799
Abps: 155.391
Abpd: 94.7585
Glc: 0
++++++++++++++++++++
Term: low risk
Ecg: moderate risk
Oxi: low risk
Abps: high risk
Abpd: high risk
Glc: unknown
Patient_Status: 49.215233

*****************************************
PatientStatusInfo#
| THERM_RISK: 3.03874
| ECG_RISK: 30.051
| OXIM_RISK: 18.0801
| ABPS_RISK: 69.2707
| ABPD_RISK: 66.7704
| GLC_RISK: 0
| PATIENT_STATE:MODERATE RISK
MilliSeconds Since Epoch: 1733104087042
*****************************************
General risk status: 49.2152%
++++++++++++++++++++
Trm: 37.1462
Ecg: 81.9144
Oxi: 66.6799
Abps: 155.391
Abpd: 94.7585
Glc: 0
++++++++++++++++++++
Term: low risk
Ecg: moderate risk
Oxi: low risk
Abps: high risk
Abpd: high risk
Glc: unknown
Patient_Status: 49.215233

*****************************************
PatientStatusInfo#
| THERM_RISK: 3.03874
| ECG_RISK: 30.051
| OXIM_RISK: 18.0801
| ABPS_RISK: 69.2707
| ABPD_RISK: 66.7704
| GLC_RISK: 0
| PATIENT_STATE:MODERATE RISK
MilliSeconds Since Epoch: 1733104087142
*****************************************
General risk status: 49.2152%
++++++++++++++++++++
Trm: 37.1462
Ecg: 81.9144
Oxi: 66.6799
Abps: 155.391
Abpd: 94.7585
Glc: 0
++++++++++++++++++++
Term: low risk
Ecg: moderate risk
Oxi: low risk
Abps: high risk
Abpd: high risk
Glc: unknown
Patient_Status: 49.215233

*****************************************
PatientStatusInfo#
| THERM_RISK: 3.03874
| ECG_RISK: 30.051
| OXIM_RISK: 18.0801
| ABPS_RISK: 69.2707
| ABPD_RISK: 66.7704
| GLC_RISK: 0
| PATIENT_STATE:MODERATE RISK
MilliSeconds Since Epoch: 1733104087242
*****************************************
General risk status: 58.5993%
++++++++++++++++++++
Trm: 37.1462
Ecg: 81.9144
Oxi: 66.6799
Abps: 272.507
Abpd: 94.7585
Glc: 0
++++++++++++++++++++
Term: low risk
Ecg: moderate risk
Oxi: low risk
Abps: high risk
Abpd: high risk
Glc: unknown
Patient_Status: 58.599308

*****************************************
PatientStatusInfo#
| THERM_RISK: 3.03874
| ECG_RISK: 30.051
| OXIM_RISK: 18.0801
| ABPS_RISK: 94.1577
| ABPD_RISK: 66.7704
| GLC_RISK: 0
| PATIENT_STATE:MODERATE RISK
MilliSeconds Since Epoch: 1733104087342
*****************************************
General risk status: 58.6271%
++++++++++++++++++++
Trm: 37.1462
Ecg: 81.9144
Oxi: 66.6799
Abps: 272.507
Abpd: 95.2005
Glc: 0
++++++++++++++++++++
Term: low risk
Ecg: moderate risk
Oxi: low risk
Abps: high risk
Abpd: high risk
Glc: unknown
Patient_Status: 58.627124

*****************************************
PatientStatusInfo#
| THERM_RISK: 3.03874
| ECG_RISK: 30.051
| OXIM_RISK: 18.0801
| ABPS_RISK: 94.1577
| ABPD_RISK: 66.842
| GLC_RISK: 0
| PATIENT_STATE:MODERATE RISK
MilliSeconds Since Epoch: 1733104087442
*****************************************
General risk status: 58.6271%
++++++++++++++++++++
Trm: 37.1462
Ecg: 81.9144
Oxi: 66.6799
Abps: 272.507
Abpd: 95.2005
Glc: 0
++++++++++++++++++++
Term: low risk
Ecg: moderate risk
Oxi: low risk
Abps: high risk
Abpd: high risk
Glc: unknown
Patient_Status: 58.627124

*****************************************
PatientStatusInfo#
| THERM_RISK: 3.03874
| ECG_RISK: 30.051
| OXIM_RISK: 18.0801
| ABPS_RISK: 94.1577
| ABPD_RISK: 66.842
| GLC_RISK: 0
| PATIENT_STATE:MODERATE RISK
MilliSeconds Since Epoch: 1733104087542
*****************************************
General risk status: 58.6271%
++++++++++++++++++++
Trm: 37.1462
Ecg: 81.9144
Oxi: 66.6799
Abps: 272.507
Abpd: 95.2005
Glc: 0
++++++++++++++++++++
Term: low risk
Ecg: moderate risk
Oxi: low risk
Abps: high risk
Abpd: high risk
Glc: unknown
Patient_Status: 58.627124

*****************************************
PatientStatusInfo#
| THERM_RISK: 3.03874
| ECG_RISK: 30.051
| OXIM_RISK: 18.0801
| ABPS_RISK: 94.1577
| ABPD_RISK: 66.842
| GLC_RISK: 0
| PATIENT_STATE:MODERATE RISK
MilliSeconds Since Epoch: 1733104087642
*****************************************
General risk status: 58.6271%
++++++++++++++++++++
Trm: 37.1462
Ecg: 81.9144
Oxi: 66.6799
Abps: 272.507
Abpd: 95.2005
Glc: 0
++++++++++++++++++++
Term: low risk
Ecg: moderate risk
Oxi: low risk
Abps: high risk
Abpd: high risk
Glc: unknown
Patient_Status: 58.627124

*****************************************
PatientStatusInfo#
| THERM_RISK: 3.03874
| ECG_RISK: 30.051
| OXIM_RISK: 18.0801
| ABPS_RISK: 94.1577
| ABPD_RISK: 66.842
| GLC_RISK: 0
| PATIENT_STATE:MODERATE RISK
MilliSeconds Since Epoch: 1733104087742
*****************************************
General risk status: 64.6697%
++++++++++++++++++++
Trm: 37.1462
Ecg: 88.0305
Oxi: 91.2147
Abps: 272.507
Abpd: 95.2005
Glc: 0
++++++++++++++++++++
Term: low risk
Ecg: low risk
Oxi: low risk
Abps: high risk
Abpd: high risk
Glc: unknown
Patient_Status: 64.669740

*****************************************
PatientStatusInfo#
| THERM_RISK: 3.03874
| ECG_RISK: 9.89842
| OXIM_RISK: 9.95966
| ABPS_RISK: 94.1577
| ABPD_RISK: 66.842
| GLC_RISK: 0
| PATIENT_STATE:CRITICAL RISK
MilliSeconds Since Epoch: 1733104087842
*****************************************
General risk status: 64.6697%
++++++++++++++++++++
Trm: 37.1462
Ecg: 88.0305
Oxi: 91.2147
Abps: 272.507
Abpd: 95.2005
Glc: 0
++++++++++++++++++++
Term: low risk
Ecg: low risk
Oxi: low risk
Abps: high risk
Abpd: high risk
Glc: unknown
Patient_Status: 64.669740

*****************************************
PatientStatusInfo#
| THERM_RISK: 3.03874
| ECG_RISK: 9.89842
| OXIM_RISK: 9.95966
| ABPS_RISK: 94.1577
| ABPD_RISK: 66.842
| GLC_RISK: 0
| PATIENT_STATE:CRITICAL RISK
MilliSeconds Since Epoch: 1733104087942
*****************************************
General risk status: 64.6697%
++++++++++++++++++++
Trm: 37.1462
Ecg: 88.0305
Oxi: 91.2147
Abps: 272.507
Abpd: 95.2005
Glc: 0
++++++++++++++++++++
Term: low risk
Ecg: low risk
Oxi: low risk
Abps: high risk
Abpd: high risk
Glc: unknown
Patient_Status: 64.669740

*****************************************
PatientStatusInfo#
| THERM_RISK: 3.03874
| ECG_RISK: 9.89842
| OXIM_RISK: 9.95966
| ABPS_RISK: 94.1577
| ABPD_RISK: 66.842
| GLC_RISK: 0
| PATIENT_STATE:CRITICAL RISK
MilliSeconds Since Epoch: 1733104088042
*****************************************
General risk status: 64.6697%
++++++++++++++++++++
Trm: 37.1462
Ecg: 88.0305
Oxi: 91.2147
Abps: 272.507
Abpd: 95.2005
Glc: 0
++++++++++++++++++++
Term: low risk
Ecg: low risk
Oxi: low risk
Abps: high risk
Abpd: high risk
Glc: unknown
Patient_Status: 64.669740

*****************************************
PatientStatusInfo#
| THERM_RISK: 3.03874
| ECG_RISK: 9.89842
| OXIM_RISK: 9.95966
| ABPS_RISK: 94.1577
| ABPD_RISK: 66.842
| GLC_RISK: 0
| PATIENT_STATE:CRITICAL RISK
MilliSeconds Since Epoch: 1733104088143
*****************************************
General risk status: 64.6697%
++++++++++++++++++++
Trm: 37.1462
Ecg: 88.0305
Oxi: 91.2147
Abps: 272.507
Abpd: 95.2005
Glc: 0
++++++++++++++++++++
Term: low risk
Ecg: low risk
Oxi: low risk
Abps: high risk
Abpd: high risk
Glc: unknown
Patient_Status: 64.669740

*****************************************
PatientStatusInfo#
| THERM_RISK: 3.03874
| ECG_RISK: 9.89842
| OXIM_RISK: 9.95966
| ABPS_RISK: 94.1577
| ABPD_RISK: 66.842
| GLC_RISK: 0
| PATIENT_STATE:CRITICAL RISK
MilliSeconds Since Epoch: 1733104088243
*****************************************
General risk status: 56.4141%
++++++++++++++++++++
Trm: 37.1462
Ecg: 88.0305
Oxi: 91.2147
Abps: 188.525
Abpd: 95.2005
Glc: 0
++++++++++++++++++++
Term: low risk
Ecg: low risk
Oxi: low risk
Abps: high risk
Abpd: high risk
Glc: unknown
Patient_Status: 56.414071

*****************************************
PatientStatusInfo#
| THERM_RISK: 3.03874
| ECG_RISK: 9.89842
| OXIM_RISK: 9.95966
| ABPS_RISK: 76.3115
| ABPD_RISK: 66.842
| GLC_RISK: 0
| PATIENT_STATE:MODERATE RISK
MilliSeconds Since Epoch: 1733104088343
*****************************************
/g4t1
/g4t1
